Using pre-set license
Built from '2020.3/release' branch; Version is '2020.3.2f1 (8fd9074bf66c) revision 9427207'; Using compiler version '192528614'; Build Type 'Release'
OS: 'Windows 10 Pro; OS build 19042.1348; Version 2009; 64bit' Language: 'en' Physical Memory: 8072 MB
BatchMode: 1, IsHumanControllingUs: 0, StartBugReporterOnCrash: 0, Is64bit: 1, IsPro: 0

 COMMAND LINE ARGUMENTS:
C:\Program Files\Unity\Hub\Editor\2020.3.2f1\Editor\Unity.exe
-adb2
-batchMode
-noUpm
-name
AssetImportWorker0
-projectPath
C:/Users/Family/Desktop/Game & Sim/MultiplayerSurvivalShooter/MultiplayerSurvivalShooter/MultiplayerSurvivalShooter
-logFile
Logs/AssetImportWorker0.log
-srvPort
50538
Successfully changed project path to: C:/Users/Family/Desktop/Game & Sim/MultiplayerSurvivalShooter/MultiplayerSurvivalShooter/MultiplayerSurvivalShooter
C:/Users/Family/Desktop/Game & Sim/MultiplayerSurvivalShooter/MultiplayerSurvivalShooter/MultiplayerSurvivalShooter
Using Asset Import Pipeline V2.
Refreshing native plugins compatible for Editor in 56.88 ms, found 2 plugins.
Preloading 0 native plugins for Editor in 0.00 ms.
Initialize engine version: 2020.3.2f1 (8fd9074bf66c)
[Subsystems] Discovering subsystems at path C:/Program Files/Unity/Hub/Editor/2020.3.2f1/Editor/Data/Resources/UnitySubsystems
[Subsystems] Discovering subsystems at path C:/Users/Family/Desktop/Game & Sim/MultiplayerSurvivalShooter/MultiplayerSurvivalShooter/MultiplayerSurvivalShooter/Assets
GfxDevice: creating device client; threaded=0
Direct3D:
    Version:  Direct3D 11.0 [level 11.1]
    Renderer: Intel(R) HD Graphics 530 (ID=0x1912)
    Vendor:   
    VRAM:     4036 MB
    Driver:   27.20.100.9416
Initialize mono
Mono path[0] = 'C:/Program Files/Unity/Hub/Editor/2020.3.2f1/Editor/Data/Managed'
Mono path[1] = 'C:/Program Files/Unity/Hub/Editor/2020.3.2f1/Editor/Data/MonoBleedingEdge/lib/mono/unityjit'
Mono config path = 'C:/Program Files/Unity/Hub/Editor/2020.3.2f1/Editor/Data/MonoBleedingEdge/etc'
Using monoOptions --debugger-agent=transport=dt_socket,embedding=1,server=y,suspend=n,address=127.0.0.1:56748
Begin MonoManager ReloadAssembly
Registering precompiled unity dll's ...
Register platform support module: C:/Program Files/Unity/Hub/Editor/2020.3.2f1/Editor/Data/PlaybackEngines/WebGLSupport/UnityEditor.WebGL.Extensions.dll
Register platform support module: C:/Program Files/Unity/Hub/Editor/2020.3.2f1/Editor/Data/PlaybackEngines/WindowsStandaloneSupport/UnityEditor.WindowsStandalone.Extensions.dll
Registered in 0.003883 seconds.
Native extension for WindowsStandalone target not found
Native extension for WebGL target not found
Refreshing native plugins compatible for Editor in 37.74 ms, found 2 plugins.
Preloading 0 native plugins for Editor in 0.00 ms.
Invoked RoslynAnalysisRunner static constructor.
RoslynAnalysisRunner will not be running.
RoslynAnalysisRunner has terminated.
Mono: successfully reloaded assembly
- Completed reload, in  1.496 seconds
Platform modules already initialized, skipping
Registering precompiled user dll's ...
Registered in 0.009330 seconds.
Begin MonoManager ReloadAssembly
Native extension for WindowsStandalone target not found
Native extension for WebGL target not found
Refreshing native plugins compatible for Editor in 0.45 ms, found 2 plugins.
Preloading 0 native plugins for Editor in 0.00 ms.
Invoked RoslynAnalysisRunner static constructor.
RoslynAnalysisRunner will not be running.
RoslynAnalysisRunner has terminated.
Mono: successfully reloaded assembly
- Completed reload, in  2.228 seconds
Platform modules already initialized, skipping
========================================================================
Worker process is ready to serve import requests
Launched and connected shader compiler UnityShaderCompiler.exe after 2.89 seconds
Refreshing native plugins compatible for Editor in 0.45 ms, found 2 plugins.
Preloading 0 native plugins for Editor in 0.00 ms.
Unloading 1652 Unused Serialized files (Serialized files now loaded: 0)
System memory in use before: 74.8 MB.
System memory in use after: 74.9 MB.

Unloading 23 unused Assets to reduce memory usage. Loaded Objects now: 2086.
Total: 2.767200 ms (FindLiveObjects: 0.264000 ms CreateObjectMapping: 0.107300 ms MarkObjects: 2.278400 ms  DeleteObjects: 0.116400 ms)

========================================================================
Received Import Request.
  path: Assets/Scripts/Enemy/EnemyAttack.cs
  artifactKey: Guid(e15099f5ee559584089d5851df572def) Importer(815301076,1909f56bfc062723c751e8b465ee728b)
Start importing Assets/Scripts/Enemy/EnemyAttack.cs using Guid(e15099f5ee559584089d5851df572def) Importer(815301076,1909f56bfc062723c751e8b465ee728b)  -> (artifact id: '23c6d1c9498292117684d006a0653aa5') in 1.715240 seconds
  Import took 2.006122 seconds .

========================================================================
Received Prepare
Registering precompiled user dll's ...
Registered in 0.453265 seconds.
Begin MonoManager ReloadAssembly
Native extension for WindowsStandalone target not found
Native extension for WebGL target not found
Refreshing native plugins compatible for Editor in 0.54 ms, found 2 plugins.
Preloading 0 native plugins for Editor in 0.00 ms.
Invoked RoslynAnalysisRunner static constructor.
RoslynAnalysisRunner will not be running.
RoslynAnalysisRunner has terminated.
Mono: successfully reloaded assembly
- Completed reload, in  3.439 seconds
Platform modules already initialized, skipping
Refreshing native plugins compatible for Editor in 0.41 ms, found 2 plugins.
Preloading 0 native plugins for Editor in 0.00 ms.
Unloading 1646 Unused Serialized files (Serialized files now loaded: 0)
System memory in use before: 74.7 MB.
System memory in use after: 74.8 MB.

Unloading 18 unused Assets to reduce memory usage. Loaded Objects now: 2088.
Total: 2.708200 ms (FindLiveObjects: 0.255900 ms CreateObjectMapping: 0.072400 ms MarkObjects: 2.317900 ms  DeleteObjects: 0.060700 ms)

========================================================================
Received Prepare
Registering precompiled user dll's ...
Registered in 0.009728 seconds.
Begin MonoManager ReloadAssembly
Native extension for WindowsStandalone target not found
Native extension for WebGL target not found
Refreshing native plugins compatible for Editor in 0.60 ms, found 2 plugins.
Preloading 0 native plugins for Editor in 0.00 ms.
Invoked RoslynAnalysisRunner static constructor.
RoslynAnalysisRunner will not be running.
RoslynAnalysisRunner has terminated.
Mono: successfully reloaded assembly
- Completed reload, in  1.512 seconds
Platform modules already initialized, skipping
Refreshing native plugins compatible for Editor in 0.47 ms, found 2 plugins.
Preloading 0 native plugins for Editor in 0.00 ms.
Unloading 1646 Unused Serialized files (Serialized files now loaded: 0)
System memory in use before: 74.7 MB.
System memory in use after: 74.8 MB.

Unloading 18 unused Assets to reduce memory usage. Loaded Objects now: 2090.
Total: 3.035600 ms (FindLiveObjects: 0.199700 ms CreateObjectMapping: 0.055000 ms MarkObjects: 2.721300 ms  DeleteObjects: 0.058300 ms)

========================================================================
Received Prepare
Registering precompiled user dll's ...
Registered in 0.630431 seconds.
Begin MonoManager ReloadAssembly
Native extension for WindowsStandalone target not found
Native extension for WebGL target not found
Refreshing native plugins compatible for Editor in 0.64 ms, found 2 plugins.
Preloading 0 native plugins for Editor in 0.00 ms.
Invoked RoslynAnalysisRunner static constructor.
RoslynAnalysisRunner will not be running.
RoslynAnalysisRunner has terminated.
Mono: successfully reloaded assembly
- Completed reload, in  1.500 seconds
Platform modules already initialized, skipping
Refreshing native plugins compatible for Editor in 0.38 ms, found 2 plugins.
Preloading 0 native plugins for Editor in 0.00 ms.
Unloading 1646 Unused Serialized files (Serialized files now loaded: 0)
System memory in use before: 74.7 MB.
System memory in use after: 74.8 MB.

Unloading 18 unused Assets to reduce memory usage. Loaded Objects now: 2092.
Total: 2.755200 ms (FindLiveObjects: 0.162200 ms CreateObjectMapping: 0.053000 ms MarkObjects: 2.480500 ms  DeleteObjects: 0.058100 ms)

========================================================================
Received Prepare
Registering precompiled user dll's ...
Registered in 0.009374 seconds.
Begin MonoManager ReloadAssembly
Native extension for WindowsStandalone target not found
Native extension for WebGL target not found
Refreshing native plugins compatible for Editor in 0.57 ms, found 2 plugins.
Preloading 0 native plugins for Editor in 0.00 ms.
Invoked RoslynAnalysisRunner static constructor.
RoslynAnalysisRunner will not be running.
RoslynAnalysisRunner has terminated.
Mono: successfully reloaded assembly
- Completed reload, in  1.224 seconds
Platform modules already initialized, skipping
Refreshing native plugins compatible for Editor in 0.48 ms, found 2 plugins.
Preloading 0 native plugins for Editor in 0.00 ms.
Unloading 1646 Unused Serialized files (Serialized files now loaded: 0)
System memory in use before: 74.7 MB.
System memory in use after: 74.8 MB.

Unloading 18 unused Assets to reduce memory usage. Loaded Objects now: 2094.
Total: 2.582900 ms (FindLiveObjects: 0.172300 ms CreateObjectMapping: 0.061300 ms MarkObjects: 2.287200 ms  DeleteObjects: 0.061200 ms)

========================================================================
Received Import Request.
  Time since last request: 1191.914737 seconds.
  path: Assets/Scripts/Enemy/EnemyAttack.cs
  artifactKey: Guid(e15099f5ee559584089d5851df572def) Importer(815301076,1909f56bfc062723c751e8b465ee728b)
Start importing Assets/Scripts/Enemy/EnemyAttack.cs using Guid(e15099f5ee559584089d5851df572def) Importer(815301076,1909f56bfc062723c751e8b465ee728b)  -> (artifact id: 'ccb875967ae5df2af502181df73439a0') in 0.211201 seconds
  Import took 0.263024 seconds .

========================================================================
Received Prepare
Registering precompiled user dll's ...
Registered in 0.009668 seconds.
Begin MonoManager ReloadAssembly
Native extension for WindowsStandalone target not found
Native extension for WebGL target not found
Refreshing native plugins compatible for Editor in 0.41 ms, found 2 plugins.
Preloading 0 native plugins for Editor in 0.00 ms.
Invoked RoslynAnalysisRunner static constructor.
RoslynAnalysisRunner will not be running.
RoslynAnalysisRunner has terminated.
Mono: successfully reloaded assembly
- Completed reload, in  1.526 seconds
Platform modules already initialized, skipping
Refreshing native plugins compatible for Editor in 0.38 ms, found 2 plugins.
Preloading 0 native plugins for Editor in 0.00 ms.
Unloading 1646 Unused Serialized files (Serialized files now loaded: 0)
System memory in use before: 74.7 MB.
System memory in use after: 74.8 MB.

Unloading 18 unused Assets to reduce memory usage. Loaded Objects now: 2096.
Total: 2.788800 ms (FindLiveObjects: 0.182400 ms CreateObjectMapping: 0.060500 ms MarkObjects: 2.497100 ms  DeleteObjects: 0.047900 ms)

========================================================================
Received Prepare
Registering precompiled user dll's ...
Registered in 0.011047 seconds.
Begin MonoManager ReloadAssembly
Native extension for WindowsStandalone target not found
Native extension for WebGL target not found
Refreshing native plugins compatible for Editor in 0.42 ms, found 2 plugins.
Preloading 0 native plugins for Editor in 0.00 ms.
Invoked RoslynAnalysisRunner static constructor.
RoslynAnalysisRunner will not be running.
RoslynAnalysisRunner has terminated.
Mono: successfully reloaded assembly
- Completed reload, in  1.447 seconds
Platform modules already initialized, skipping
Refreshing native plugins compatible for Editor in 1.20 ms, found 2 plugins.
Preloading 0 native plugins for Editor in 0.00 ms.
Unloading 1646 Unused Serialized files (Serialized files now loaded: 0)
System memory in use before: 74.7 MB.
System memory in use after: 74.9 MB.

Unloading 18 unused Assets to reduce memory usage. Loaded Objects now: 2098.
Total: 3.193600 ms (FindLiveObjects: 0.147400 ms CreateObjectMapping: 0.047200 ms MarkObjects: 2.954800 ms  DeleteObjects: 0.043000 ms)

========================================================================
Received Import Request.
  Time since last request: 683.110691 seconds.
  path: Assets/Scripts/Player/PlayerMovement.cs
  artifactKey: Guid(8ec45203ae7a1a54c9d02c355f983833) Importer(815301076,1909f56bfc062723c751e8b465ee728b)
Start importing Assets/Scripts/Player/PlayerMovement.cs using Guid(8ec45203ae7a1a54c9d02c355f983833) Importer(815301076,1909f56bfc062723c751e8b465ee728b)  -> (artifact id: '05ef338c216cf5546e1b6cd2d97a225a') in 0.010248 seconds
  Import took 0.035241 seconds .

========================================================================
Received Import Request.
  Time since last request: 13.863496 seconds.
  path: Assets/Scripts/Managers/ScoreManager.cs
  artifactKey: Guid(86e378bc199fbd343bceabbd3a16d73e) Importer(815301076,1909f56bfc062723c751e8b465ee728b)
Start importing Assets/Scripts/Managers/ScoreManager.cs using Guid(86e378bc199fbd343bceabbd3a16d73e) Importer(815301076,1909f56bfc062723c751e8b465ee728b)  -> (artifact id: '61de86e83c7fb05dfae22c47458d7f29') in 0.033908 seconds
  Import took 0.066955 seconds .

========================================================================
Received Import Request.
  Time since last request: 41.476205 seconds.
  path: Assets/Scripts/Camera
  artifactKey: Guid(50494374329724b73b9ecf5375dac77b) Importer(815301076,1909f56bfc062723c751e8b465ee728b)
Start importing Assets/Scripts/Camera using Guid(50494374329724b73b9ecf5375dac77b) Importer(815301076,1909f56bfc062723c751e8b465ee728b)  -> (artifact id: 'abbca02796f18541e929e7bc0afe27dd') in 0.014103 seconds
  Import took 0.075646 seconds .

========================================================================
Received Import Request.
  Time since last request: 9.963230 seconds.
  path: Assets/Scripts/Managers/EnemyManager.cs
  artifactKey: Guid(76a99222b1e4a384e923ac7e86efc709) Importer(815301076,1909f56bfc062723c751e8b465ee728b)
Start importing Assets/Scripts/Managers/EnemyManager.cs using Guid(76a99222b1e4a384e923ac7e86efc709) Importer(815301076,1909f56bfc062723c751e8b465ee728b)  -> (artifact id: 'd5109c497ede8a71efcd78854b9bfff9') in 0.027794 seconds
  Import took 0.053051 seconds .

========================================================================
Received Import Request.
  Time since last request: 0.002370 seconds.
  path: Assets/Scripts/Managers/EnemyManager.cs
  artifactKey: Guid(76a99222b1e4a384e923ac7e86efc709) Importer(815301076,1909f56bfc062723c751e8b465ee728b)
Start importing Assets/Scripts/Managers/EnemyManager.cs using Guid(76a99222b1e4a384e923ac7e86efc709) Importer(815301076,1909f56bfc062723c751e8b465ee728b)  -> (artifact id: 'd5109c497ede8a71efcd78854b9bfff9') in 0.006319 seconds
  Import took 0.021657 seconds .

========================================================================
Received Import Request.
  Time since last request: 16.495333 seconds.
  path: Assets/Scripts/Enemy/EnemyMovement.cs
  artifactKey: Guid(94f6618a0da65fa45b24d5105d5d8422) Importer(815301076,1909f56bfc062723c751e8b465ee728b)
Start importing Assets/Scripts/Enemy/EnemyMovement.cs using Guid(94f6618a0da65fa45b24d5105d5d8422) Importer(815301076,1909f56bfc062723c751e8b465ee728b)  -> (artifact id: '4e46ad7a4fb74464e57524187dae8eae') in 0.004631 seconds
  Import took 0.031995 seconds .

========================================================================
Received Prepare
Registering precompiled user dll's ...
Registered in 0.010689 seconds.
Begin MonoManager ReloadAssembly
Native extension for WindowsStandalone target not found
Native extension for WebGL target not found
Refreshing native plugins compatible for Editor in 0.46 ms, found 2 plugins.
Preloading 0 native plugins for Editor in 0.00 ms.
Invoked RoslynAnalysisRunner static constructor.
RoslynAnalysisRunner will not be running.
RoslynAnalysisRunner has terminated.
Mono: successfully reloaded assembly
- Completed reload, in  1.302 seconds
Platform modules already initialized, skipping
Refreshing native plugins compatible for Editor in 0.40 ms, found 2 plugins.
Preloading 0 native plugins for Editor in 0.00 ms.
Unloading 1646 Unused Serialized files (Serialized files now loaded: 0)
System memory in use before: 74.8 MB.
System memory in use after: 74.9 MB.

Unloading 18 unused Assets to reduce memory usage. Loaded Objects now: 2100.
Total: 2.700500 ms (FindLiveObjects: 0.283700 ms CreateObjectMapping: 0.067200 ms MarkObjects: 2.289100 ms  DeleteObjects: 0.059400 ms)

========================================================================
Received Import Request.
  Time since last request: 213.994403 seconds.
  path: Assets/Scripts/Managers/EnemyManager.cs
  artifactKey: Guid(76a99222b1e4a384e923ac7e86efc709) Importer(815301076,1909f56bfc062723c751e8b465ee728b)
Start importing Assets/Scripts/Managers/EnemyManager.cs using Guid(76a99222b1e4a384e923ac7e86efc709) Importer(815301076,1909f56bfc062723c751e8b465ee728b)  -> (artifact id: '47ae7dc910b2576b2c048e053953cfb1') in 0.016528 seconds
  Import took 0.051638 seconds .

========================================================================
Received Prepare
Registering precompiled user dll's ...
Registered in 0.011665 seconds.
Begin MonoManager ReloadAssembly
Native extension for WindowsStandalone target not found
Native extension for WebGL target not found
Refreshing native plugins compatible for Editor in 0.62 ms, found 2 plugins.
Preloading 0 native plugins for Editor in 0.00 ms.
Invoked RoslynAnalysisRunner static constructor.
RoslynAnalysisRunner will not be running.
RoslynAnalysisRunner has terminated.
Mono: successfully reloaded assembly
- Completed reload, in  1.369 seconds
Platform modules already initialized, skipping
Refreshing native plugins compatible for Editor in 0.38 ms, found 2 plugins.
Preloading 0 native plugins for Editor in 0.00 ms.
Unloading 1646 Unused Serialized files (Serialized files now loaded: 0)
System memory in use before: 74.8 MB.
System memory in use after: 74.9 MB.

Unloading 18 unused Assets to reduce memory usage. Loaded Objects now: 2102.
Total: 2.604600 ms (FindLiveObjects: 0.220700 ms CreateObjectMapping: 0.088100 ms MarkObjects: 2.235400 ms  DeleteObjects: 0.059300 ms)

