Using pre-set license
Built from '2020.3/release' branch; Version is '2020.3.2f1 (8fd9074bf66c) revision 9427207'; Using compiler version '192528614'; Build Type 'Release'
OS: 'Windows 10 Pro; OS build 19042.1348; Version 2009; 64bit' Language: 'en' Physical Memory: 8072 MB
BatchMode: 1, IsHumanControllingUs: 0, StartBugReporterOnCrash: 0, Is64bit: 1, IsPro: 0

 COMMAND LINE ARGUMENTS:
C:\Program Files\Unity\Hub\Editor\2020.3.2f1\Editor\Unity.exe
-adb2
-batchMode
-noUpm
-name
AssetImportWorker0
-projectPath
C:/Users/Family/Desktop/Game & Sim/MultiplayerSurvivalShooter/MultiplayerSurvivalShooter/MultiplayerSurvivalShooter
-logFile
Logs/AssetImportWorker0.log
-srvPort
51008
Successfully changed project path to: C:/Users/Family/Desktop/Game & Sim/MultiplayerSurvivalShooter/MultiplayerSurvivalShooter/MultiplayerSurvivalShooter
C:/Users/Family/Desktop/Game & Sim/MultiplayerSurvivalShooter/MultiplayerSurvivalShooter/MultiplayerSurvivalShooter
Using Asset Import Pipeline V2.
Refreshing native plugins compatible for Editor in 49.03 ms, found 2 plugins.
Preloading 0 native plugins for Editor in 0.00 ms.
Initialize engine version: 2020.3.2f1 (8fd9074bf66c)
[Subsystems] Discovering subsystems at path C:/Program Files/Unity/Hub/Editor/2020.3.2f1/Editor/Data/Resources/UnitySubsystems
[Subsystems] Discovering subsystems at path C:/Users/Family/Desktop/Game & Sim/MultiplayerSurvivalShooter/MultiplayerSurvivalShooter/MultiplayerSurvivalShooter/Assets
GfxDevice: creating device client; threaded=0
Direct3D:
    Version:  Direct3D 11.0 [level 11.1]
    Renderer: Intel(R) HD Graphics 530 (ID=0x1912)
    Vendor:   
    VRAM:     4036 MB
    Driver:   27.20.100.9416
Initialize mono
Mono path[0] = 'C:/Program Files/Unity/Hub/Editor/2020.3.2f1/Editor/Data/Managed'
Mono path[1] = 'C:/Program Files/Unity/Hub/Editor/2020.3.2f1/Editor/Data/MonoBleedingEdge/lib/mono/unityjit'
Mono config path = 'C:/Program Files/Unity/Hub/Editor/2020.3.2f1/Editor/Data/MonoBleedingEdge/etc'
Using monoOptions --debugger-agent=transport=dt_socket,embedding=1,server=y,suspend=n,address=127.0.0.1:56352
Begin MonoManager ReloadAssembly
Registering precompiled unity dll's ...
Register platform support module: C:/Program Files/Unity/Hub/Editor/2020.3.2f1/Editor/Data/PlaybackEngines/WebGLSupport/UnityEditor.WebGL.Extensions.dll
Register platform support module: C:/Program Files/Unity/Hub/Editor/2020.3.2f1/Editor/Data/PlaybackEngines/WindowsStandaloneSupport/UnityEditor.WindowsStandalone.Extensions.dll
Registered in 0.003316 seconds.
Native extension for WindowsStandalone target not found
Native extension for WebGL target not found
Refreshing native plugins compatible for Editor in 40.72 ms, found 2 plugins.
Preloading 0 native plugins for Editor in 0.00 ms.
Invoked RoslynAnalysisRunner static constructor.
RoslynAnalysisRunner will not be running.
RoslynAnalysisRunner has terminated.
Mono: successfully reloaded assembly
- Completed reload, in  1.614 seconds
Platform modules already initialized, skipping
Registering precompiled user dll's ...
Registered in 0.009499 seconds.
Begin MonoManager ReloadAssembly
Native extension for WindowsStandalone target not found
Native extension for WebGL target not found
Refreshing native plugins compatible for Editor in 0.54 ms, found 2 plugins.
Preloading 0 native plugins for Editor in 0.00 ms.
Invoked RoslynAnalysisRunner static constructor.
RoslynAnalysisRunner will not be running.
RoslynAnalysisRunner has terminated.
[ScriptCompilation] NOT recompiling all scripts because this is an import worker process. Reason to compile was: Define symbols changed
Mono: successfully reloaded assembly
- Completed reload, in  1.517 seconds
Platform modules already initialized, skipping
========================================================================
Worker process is ready to serve import requests
Launched and connected shader compiler UnityShaderCompiler.exe after 0.09 seconds
Refreshing native plugins compatible for Editor in 0.48 ms, found 2 plugins.
Preloading 0 native plugins for Editor in 0.00 ms.
Unloading 1652 Unused Serialized files (Serialized files now loaded: 0)
System memory in use before: 74.4 MB.
System memory in use after: 74.5 MB.

Unloading 23 unused Assets to reduce memory usage. Loaded Objects now: 2084.
Total: 2.722300 ms (FindLiveObjects: 0.235300 ms CreateObjectMapping: 0.086500 ms MarkObjects: 2.179000 ms  DeleteObjects: 0.219800 ms)

========================================================================
Received Import Request.
  path: Assets/Prefabs/Hellephant.prefab
  artifactKey: Guid(ebed7a3ef4be5458fb88a3c3a689c566) Importer(815301076,1909f56bfc062723c751e8b465ee728b)
Start importing Assets/Prefabs/Hellephant.prefab using Guid(ebed7a3ef4be5458fb88a3c3a689c566) Importer(815301076,1909f56bfc062723c751e8b465ee728b)  -> (artifact id: 'e5cacd731e30f062986172c2a13763d6') in 1.193220 seconds
  Import took 1.197214 seconds .

========================================================================
Received Import Request.
  Time since last request: 0.001559 seconds.
  path: Assets/Prefabs/Environment.prefab
  artifactKey: Guid(149d6dcc67e8d1240bbc0dd6ddf0c1bd) Importer(815301076,1909f56bfc062723c751e8b465ee728b)
Start importing Assets/Prefabs/Environment.prefab using Guid(149d6dcc67e8d1240bbc0dd6ddf0c1bd) Importer(815301076,1909f56bfc062723c751e8b465ee728b)  -> (artifact id: '07df052d49e19074f3fe0ada9115c738') in 1.007579 seconds
  Import took 1.018000 seconds .

========================================================================
Received Import Request.
  Time since last request: 0.000409 seconds.
  path: Assets/Prefabs/ZomBear.prefab
  artifactKey: Guid(78e1368557eab4d62a5487e98c1b5c5f) Importer(815301076,1909f56bfc062723c751e8b465ee728b)
Start importing Assets/Prefabs/ZomBear.prefab using Guid(78e1368557eab4d62a5487e98c1b5c5f) Importer(815301076,1909f56bfc062723c751e8b465ee728b)  -> (artifact id: 'afd9461e09d01523cdb2bc87b3e2b306') in 0.038699 seconds
  Import took 0.055811 seconds .

========================================================================
Received Import Request.
  Time since last request: 0.000578 seconds.
  path: Assets/Prefabs/HitParticles.prefab
  artifactKey: Guid(ef39ae7291c751249b296f00bf6fb042) Importer(815301076,1909f56bfc062723c751e8b465ee728b)
Start importing Assets/Prefabs/HitParticles.prefab using Guid(ef39ae7291c751249b296f00bf6fb042) Importer(815301076,1909f56bfc062723c751e8b465ee728b)  -> (artifact id: '0fb564a7d36fea2f1bf9b5cba6e4bd13') in 0.009935 seconds
  Import took 0.013908 seconds .

========================================================================
Received Import Request.
  Time since last request: 0.000491 seconds.
  path: Assets/Prefabs/Lights.prefab
  artifactKey: Guid(ad67cddd729fb4342be2063a3f5ad7cc) Importer(815301076,1909f56bfc062723c751e8b465ee728b)
Start importing Assets/Prefabs/Lights.prefab using Guid(ad67cddd729fb4342be2063a3f5ad7cc) Importer(815301076,1909f56bfc062723c751e8b465ee728b)  -> (artifact id: '928e4628d98d50247430835316a74f59') in 0.008027 seconds
  Import took 0.012618 seconds .

========================================================================
Received Import Request.
  Time since last request: 0.000326 seconds.
  path: Assets/Prefabs/GunParticles.prefab
  artifactKey: Guid(0bd11145ced4539458f937fc4609544a) Importer(815301076,1909f56bfc062723c751e8b465ee728b)
Start importing Assets/Prefabs/GunParticles.prefab using Guid(0bd11145ced4539458f937fc4609544a) Importer(815301076,1909f56bfc062723c751e8b465ee728b)  -> (artifact id: '3a5dc17d8b8fe4f291e109747233e844') in 0.005632 seconds
  Import took 0.010042 seconds .

========================================================================
Received Import Request.
  Time since last request: 0.000483 seconds.
  path: Assets/Prefabs/Zombunny.prefab
  artifactKey: Guid(4e3b7f611582d4dc7a9dd318242ed5e3) Importer(815301076,1909f56bfc062723c751e8b465ee728b)
Start importing Assets/Prefabs/Zombunny.prefab using Guid(4e3b7f611582d4dc7a9dd318242ed5e3) Importer(815301076,1909f56bfc062723c751e8b465ee728b)  -> (artifact id: 'de4a70f163acf6d6636db7d9a19ae683') in 0.035896 seconds
  Import took 0.042362 seconds .

========================================================================
Received Import Request.
  Time since last request: 0.000368 seconds.
  path: Assets/Prefabs
  artifactKey: Guid(b5a697bed303cc04ab1aaa7bbc30a018) Importer(815301076,1909f56bfc062723c751e8b465ee728b)
Start importing Assets/Prefabs using Guid(b5a697bed303cc04ab1aaa7bbc30a018) Importer(815301076,1909f56bfc062723c751e8b465ee728b)  -> (artifact id: '3ff8c2ca4bd9b0eb7e4c8d2732ed846b') in 0.003465 seconds
  Import took 0.006785 seconds .

========================================================================
Received Import Request.
  Time since last request: 0.000406 seconds.
  path: Assets/Prefabs/Player.prefab
  artifactKey: Guid(9e3e72cd89ef44f97afe08f9baaabc18) Importer(815301076,1909f56bfc062723c751e8b465ee728b)
Start importing Assets/Prefabs/Player.prefab using Guid(9e3e72cd89ef44f97afe08f9baaabc18) Importer(815301076,1909f56bfc062723c751e8b465ee728b)  -> (artifact id: 'fae480d2280c3612377b6f5ac7b5b7eb') in 0.042953 seconds
  Import took 0.047198 seconds .

========================================================================
Received Import Request.
  Time since last request: 0.013772 seconds.
  path: Assets/Prefabs/Player.prefab
  artifactKey: Guid(9e3e72cd89ef44f97afe08f9baaabc18) Importer(815301076,1909f56bfc062723c751e8b465ee728b)
Start importing Assets/Prefabs/Player.prefab using Guid(9e3e72cd89ef44f97afe08f9baaabc18) Importer(815301076,1909f56bfc062723c751e8b465ee728b)  -> (artifact id: 'fae480d2280c3612377b6f5ac7b5b7eb') in 0.037870 seconds
  Import took 0.042824 seconds .

========================================================================
Received Prepare
Refreshing native plugins compatible for Editor in 6.18 ms, found 2 plugins.
Preloading 0 native plugins for Editor in 0.00 ms.
Unloading 16 Unused Serialized files (Serialized files now loaded: 0)
System memory in use before: 46.1 MB.
System memory in use after: 46.2 MB.

Unloading 17 unused Assets to reduce memory usage. Loaded Objects now: 2092.
Total: 5.192300 ms (FindLiveObjects: 1.030600 ms CreateObjectMapping: 0.215700 ms MarkObjects: 3.894700 ms  DeleteObjects: 0.049400 ms)

========================================================================
Received Import Request.
  Time since last request: 50.794956 seconds.
  path: Assets/Prefabs/Player.prefab
  artifactKey: Guid(9e3e72cd89ef44f97afe08f9baaabc18) Importer(815301076,1909f56bfc062723c751e8b465ee728b)
Start importing Assets/Prefabs/Player.prefab using Guid(9e3e72cd89ef44f97afe08f9baaabc18) Importer(815301076,1909f56bfc062723c751e8b465ee728b)  -> (artifact id: '24763a04bb45aa32206f60ca520d1822') in 0.043008 seconds
  Import took 0.047330 seconds .

========================================================================
Received Import Request.
  Time since last request: 69.491160 seconds.
  path: Assets/Prefabs/Player.prefab
  artifactKey: Guid(9e3e72cd89ef44f97afe08f9baaabc18) Importer(815301076,1909f56bfc062723c751e8b465ee728b)
Start importing Assets/Prefabs/Player.prefab using Guid(9e3e72cd89ef44f97afe08f9baaabc18) Importer(815301076,1909f56bfc062723c751e8b465ee728b)  -> (artifact id: 'b8aead87cf333984ec5be8c639cbcefe') in 0.043516 seconds
  Import took 0.049415 seconds .

========================================================================
Received Import Request.
  Time since last request: 10.703496 seconds.
  path: Assets/Prefabs/Player.prefab
  artifactKey: Guid(9e3e72cd89ef44f97afe08f9baaabc18) Importer(815301076,1909f56bfc062723c751e8b465ee728b)
Start importing Assets/Prefabs/Player.prefab using Guid(9e3e72cd89ef44f97afe08f9baaabc18) Importer(815301076,1909f56bfc062723c751e8b465ee728b)  -> (artifact id: '1eaf1501583a8d480cc3e2d80125b229') in 0.042515 seconds
  Import took 0.047056 seconds .

========================================================================
Received Prepare
Registering precompiled user dll's ...
Registered in 0.153384 seconds.
Begin MonoManager ReloadAssembly
Native extension for WindowsStandalone target not found
Native extension for WebGL target not found
Refreshing native plugins compatible for Editor in 0.39 ms, found 2 plugins.
Preloading 0 native plugins for Editor in 0.00 ms.
Invoked RoslynAnalysisRunner static constructor.
RoslynAnalysisRunner will not be running.
RoslynAnalysisRunner has terminated.
[ScriptCompilation] NOT recompiling all scripts because this is an import worker process. Reason to compile was: Define symbols changed
Mono: successfully reloaded assembly
- Completed reload, in  1.977 seconds
Platform modules already initialized, skipping
Refreshing native plugins compatible for Editor in 0.59 ms, found 2 plugins.
Preloading 0 native plugins for Editor in 0.00 ms.
Unloading 1646 Unused Serialized files (Serialized files now loaded: 0)
System memory in use before: 77.6 MB.
System memory in use after: 77.7 MB.

Unloading 19 unused Assets to reduce memory usage. Loaded Objects now: 2094.
Total: 3.495500 ms (FindLiveObjects: 0.285900 ms CreateObjectMapping: 0.143100 ms MarkObjects: 2.985100 ms  DeleteObjects: 0.062500 ms)

========================================================================
Received Import Request.
  Time since last request: 670.526564 seconds.
  path: Assets/Prefabs/Player.prefab
  artifactKey: Guid(9e3e72cd89ef44f97afe08f9baaabc18) Importer(815301076,1909f56bfc062723c751e8b465ee728b)
Start importing Assets/Prefabs/Player.prefab using Guid(9e3e72cd89ef44f97afe08f9baaabc18) Importer(815301076,1909f56bfc062723c751e8b465ee728b)  -> (artifact id: '686b257632d76658fee6fd36ce74f9d5') in 1.280757 seconds
  Import took 1.343226 seconds .

========================================================================
Received Prepare
Registering precompiled user dll's ...
Registered in 0.009571 seconds.
Begin MonoManager ReloadAssembly
Native extension for WindowsStandalone target not found
Native extension for WebGL target not found
Refreshing native plugins compatible for Editor in 0.43 ms, found 2 plugins.
Preloading 0 native plugins for Editor in 0.00 ms.
Invoked RoslynAnalysisRunner static constructor.
RoslynAnalysisRunner will not be running.
RoslynAnalysisRunner has terminated.
[ScriptCompilation] NOT recompiling all scripts because this is an import worker process. Reason to compile was: Define symbols changed
Mono: successfully reloaded assembly
- Completed reload, in  1.804 seconds
Platform modules already initialized, skipping
Refreshing native plugins compatible for Editor in 0.38 ms, found 2 plugins.
Preloading 0 native plugins for Editor in 0.00 ms.
Unloading 1646 Unused Serialized files (Serialized files now loaded: 0)
System memory in use before: 77.6 MB.
System memory in use after: 77.7 MB.

Unloading 19 unused Assets to reduce memory usage. Loaded Objects now: 2097.
Total: 2.486800 ms (FindLiveObjects: 0.211400 ms CreateObjectMapping: 0.056500 ms MarkObjects: 2.132700 ms  DeleteObjects: 0.085100 ms)

========================================================================
Received Import Request.
  Time since last request: 189.252104 seconds.
  path: Assets/Scripts/Player
  artifactKey: Guid(ddcf9b9898ce58248b9a49113705d610) Importer(815301076,1909f56bfc062723c751e8b465ee728b)
Start importing Assets/Scripts/Player using Guid(ddcf9b9898ce58248b9a49113705d610) Importer(815301076,1909f56bfc062723c751e8b465ee728b)  -> (artifact id: 'f694c086672d01404c2484a52a538fcb') in 0.014120 seconds
  Import took 0.018832 seconds .

========================================================================
Received Import Request.
  Time since last request: 2.535744 seconds.
  path: Assets/Scripts/Player/PlayerHealth.cs
  artifactKey: Guid(544f2064df03e95419b4a5147c506b08) Importer(815301076,1909f56bfc062723c751e8b465ee728b)
Start importing Assets/Scripts/Player/PlayerHealth.cs using Guid(544f2064df03e95419b4a5147c506b08) Importer(815301076,1909f56bfc062723c751e8b465ee728b)  -> (artifact id: '7d5ebeac6edc098724efd4b517cdab0a') in 0.060522 seconds
  Import took 0.063722 seconds .

========================================================================
Received Prepare
Registering precompiled user dll's ...
Registered in 0.010269 seconds.
Begin MonoManager ReloadAssembly
Native extension for WindowsStandalone target not found
Native extension for WebGL target not found
Refreshing native plugins compatible for Editor in 0.61 ms, found 2 plugins.
Preloading 0 native plugins for Editor in 0.00 ms.
Invoked RoslynAnalysisRunner static constructor.
RoslynAnalysisRunner will not be running.
RoslynAnalysisRunner has terminated.
Mono: successfully reloaded assembly
- Completed reload, in  1.804 seconds
Platform modules already initialized, skipping
Refreshing native plugins compatible for Editor in 0.43 ms, found 2 plugins.
Preloading 0 native plugins for Editor in 0.00 ms.
Unloading 1646 Unused Serialized files (Serialized files now loaded: 0)
System memory in use before: 77.7 MB.
System memory in use after: 77.8 MB.

Unloading 18 unused Assets to reduce memory usage. Loaded Objects now: 2099.
Total: 2.678600 ms (FindLiveObjects: 0.247000 ms CreateObjectMapping: 0.096500 ms MarkObjects: 2.297700 ms  DeleteObjects: 0.035900 ms)

========================================================================
Received Prepare
Registering precompiled user dll's ...
Registered in 0.021122 seconds.
Begin MonoManager ReloadAssembly
Native extension for WindowsStandalone target not found
Native extension for WebGL target not found
Refreshing native plugins compatible for Editor in 0.40 ms, found 2 plugins.
Preloading 0 native plugins for Editor in 0.00 ms.
Invoked RoslynAnalysisRunner static constructor.
RoslynAnalysisRunner will not be running.
RoslynAnalysisRunner has terminated.
Mono: successfully reloaded assembly
- Completed reload, in  1.538 seconds
Platform modules already initialized, skipping
Refreshing native plugins compatible for Editor in 0.42 ms, found 2 plugins.
Preloading 0 native plugins for Editor in 0.00 ms.
Unloading 1646 Unused Serialized files (Serialized files now loaded: 0)
System memory in use before: 77.7 MB.
System memory in use after: 77.8 MB.

Unloading 18 unused Assets to reduce memory usage. Loaded Objects now: 2101.
Total: 2.521600 ms (FindLiveObjects: 0.231000 ms CreateObjectMapping: 0.160500 ms MarkObjects: 2.105100 ms  DeleteObjects: 0.023200 ms)

========================================================================
Received Import Request.
  Time since last request: 35.325377 seconds.
  path: Assets/Scripts/Player/PlayerHealth.cs
  artifactKey: Guid(544f2064df03e95419b4a5147c506b08) Importer(815301076,1909f56bfc062723c751e8b465ee728b)
Start importing Assets/Scripts/Player/PlayerHealth.cs using Guid(544f2064df03e95419b4a5147c506b08) Importer(815301076,1909f56bfc062723c751e8b465ee728b)  -> (artifact id: '3ee5208fc395d502aa0b6c55ff791c4d') in 0.006277 seconds
  Import took 0.009698 seconds .

========================================================================
Received Import Request.
  Time since last request: 0.986991 seconds.
  path: Assets/Scripts/Player/PlayerHealth.cs
  artifactKey: Guid(544f2064df03e95419b4a5147c506b08) Importer(815301076,1909f56bfc062723c751e8b465ee728b)
Start importing Assets/Scripts/Player/PlayerHealth.cs using Guid(544f2064df03e95419b4a5147c506b08) Importer(815301076,1909f56bfc062723c751e8b465ee728b)  -> (artifact id: '3ee5208fc395d502aa0b6c55ff791c4d') in 0.003705 seconds
  Import took 0.006611 seconds .

========================================================================
Received Import Request.
  Time since last request: 26.766681 seconds.
  path: Assets/Scripts/Player/PlayerMovement.cs
  artifactKey: Guid(8ec45203ae7a1a54c9d02c355f983833) Importer(815301076,1909f56bfc062723c751e8b465ee728b)
Start importing Assets/Scripts/Player/PlayerMovement.cs using Guid(8ec45203ae7a1a54c9d02c355f983833) Importer(815301076,1909f56bfc062723c751e8b465ee728b)  -> (artifact id: '615a0ddc0b3e4dda73fabf891ff1c998') in 0.006094 seconds
  Import took 0.010447 seconds .

========================================================================
Received Prepare
Registering precompiled user dll's ...
Registered in 0.022788 seconds.
Begin MonoManager ReloadAssembly
Native extension for WindowsStandalone target not found
Native extension for WebGL target not found
Refreshing native plugins compatible for Editor in 0.40 ms, found 2 plugins.
Preloading 0 native plugins for Editor in 0.00 ms.
Invoked RoslynAnalysisRunner static constructor.
RoslynAnalysisRunner will not be running.
RoslynAnalysisRunner has terminated.
Mono: successfully reloaded assembly
- Completed reload, in  1.956 seconds
Platform modules already initialized, skipping
Refreshing native plugins compatible for Editor in 1.66 ms, found 2 plugins.
Preloading 0 native plugins for Editor in 0.00 ms.
Unloading 1646 Unused Serialized files (Serialized files now loaded: 0)
System memory in use before: 77.7 MB.
System memory in use after: 77.8 MB.

Unloading 18 unused Assets to reduce memory usage. Loaded Objects now: 2103.
Total: 25.409300 ms (FindLiveObjects: 6.337800 ms CreateObjectMapping: 0.096400 ms MarkObjects: 18.937100 ms  DeleteObjects: 0.035500 ms)

========================================================================
Received Import Request.
  Time since last request: 10.124607 seconds.
  path: Assets/Scripts/Player/PlayerShooting.cs
  artifactKey: Guid(27c63be2a8918c741863160b9d9da122) Importer(815301076,1909f56bfc062723c751e8b465ee728b)
Start importing Assets/Scripts/Player/PlayerShooting.cs using Guid(27c63be2a8918c741863160b9d9da122) Importer(815301076,1909f56bfc062723c751e8b465ee728b)  -> (artifact id: 'e31038af8f10be2035321c0e10a885ff') in 0.006806 seconds
  Import took 0.012455 seconds .

========================================================================
Received Import Request.
  Time since last request: 24.303104 seconds.
  path: Assets/Scripts/Player/PlayerShooting.cs
  artifactKey: Guid(27c63be2a8918c741863160b9d9da122) Importer(815301076,1909f56bfc062723c751e8b465ee728b)
Start importing Assets/Scripts/Player/PlayerShooting.cs using Guid(27c63be2a8918c741863160b9d9da122) Importer(815301076,1909f56bfc062723c751e8b465ee728b)  -> (artifact id: 'd459ff4213e964a70ff1f0585f7a46d0') in 0.005676 seconds
  Import took 0.011322 seconds .

========================================================================
Received Prepare
Registering precompiled user dll's ...
Registered in 0.009950 seconds.
Begin MonoManager ReloadAssembly
Native extension for WindowsStandalone target not found
Native extension for WebGL target not found
Refreshing native plugins compatible for Editor in 0.39 ms, found 2 plugins.
Preloading 0 native plugins for Editor in 0.00 ms.
Invoked RoslynAnalysisRunner static constructor.
RoslynAnalysisRunner will not be running.
RoslynAnalysisRunner has terminated.
Mono: successfully reloaded assembly
- Completed reload, in  1.563 seconds
Platform modules already initialized, skipping
Refreshing native plugins compatible for Editor in 0.52 ms, found 2 plugins.
Preloading 0 native plugins for Editor in 0.00 ms.
Unloading 1646 Unused Serialized files (Serialized files now loaded: 0)
System memory in use before: 77.7 MB.
System memory in use after: 77.8 MB.

Unloading 18 unused Assets to reduce memory usage. Loaded Objects now: 2105.
Total: 3.670500 ms (FindLiveObjects: 0.355000 ms CreateObjectMapping: 0.115000 ms MarkObjects: 3.153100 ms  DeleteObjects: 0.046100 ms)

========================================================================
Received Import Request.
  Time since last request: 13.861379 seconds.
  path: Assets/Scripts/Managers
  artifactKey: Guid(5f0c3aa6ccd64c0419d38bf2d88ee39e) Importer(815301076,1909f56bfc062723c751e8b465ee728b)
Start importing Assets/Scripts/Managers using Guid(5f0c3aa6ccd64c0419d38bf2d88ee39e) Importer(815301076,1909f56bfc062723c751e8b465ee728b)  -> (artifact id: '5182c247a1643c798cb352872c519f7d') in 0.011373 seconds
  Import took 0.014545 seconds .

========================================================================
Received Import Request.
  Time since last request: 2.713262 seconds.
  path: Assets/Scripts/Managers/EnemyManager.cs
  artifactKey: Guid(76a99222b1e4a384e923ac7e86efc709) Importer(815301076,1909f56bfc062723c751e8b465ee728b)
Start importing Assets/Scripts/Managers/EnemyManager.cs using Guid(76a99222b1e4a384e923ac7e86efc709) Importer(815301076,1909f56bfc062723c751e8b465ee728b)  -> (artifact id: '5e31786f723feb6c664ca6239a821afc') in 0.005810 seconds
  Import took 0.009768 seconds .

========================================================================
Received Import Request.
  Time since last request: 18.535179 seconds.
  path: Assets/Scripts/Managers/EnemyManager.cs
  artifactKey: Guid(76a99222b1e4a384e923ac7e86efc709) Importer(815301076,1909f56bfc062723c751e8b465ee728b)
Start importing Assets/Scripts/Managers/EnemyManager.cs using Guid(76a99222b1e4a384e923ac7e86efc709) Importer(815301076,1909f56bfc062723c751e8b465ee728b)  -> (artifact id: '7c8984aca021651266465aa9ddb33b9a') in 0.015504 seconds
  Import took 0.019187 seconds .

========================================================================
Received Prepare
Registering precompiled user dll's ...
Registered in 0.011439 seconds.
Begin MonoManager ReloadAssembly
Native extension for WindowsStandalone target not found
Native extension for WebGL target not found
Refreshing native plugins compatible for Editor in 0.43 ms, found 2 plugins.
Preloading 0 native plugins for Editor in 0.00 ms.
Invoked RoslynAnalysisRunner static constructor.
RoslynAnalysisRunner will not be running.
RoslynAnalysisRunner has terminated.
Mono: successfully reloaded assembly
- Completed reload, in  1.281 seconds
Platform modules already initialized, skipping
Refreshing native plugins compatible for Editor in 0.49 ms, found 2 plugins.
Preloading 0 native plugins for Editor in 0.00 ms.
Unloading 1646 Unused Serialized files (Serialized files now loaded: 0)
System memory in use before: 77.7 MB.
System memory in use after: 77.8 MB.

Unloading 18 unused Assets to reduce memory usage. Loaded Objects now: 2107.
Total: 2.399100 ms (FindLiveObjects: 0.244200 ms CreateObjectMapping: 0.057800 ms MarkObjects: 2.053200 ms  DeleteObjects: 0.042700 ms)

========================================================================
Received Import Request.
  Time since last request: 7.999259 seconds.
  path: Assets/Scripts/Enemy
  artifactKey: Guid(2d2919eb3e9b27d45b2531ad9f1afc57) Importer(815301076,1909f56bfc062723c751e8b465ee728b)
Start importing Assets/Scripts/Enemy using Guid(2d2919eb3e9b27d45b2531ad9f1afc57) Importer(815301076,1909f56bfc062723c751e8b465ee728b)  -> (artifact id: '492267e6a0e605cef8a66266e18ffc6f') in 0.014516 seconds
  Import took 0.018669 seconds .

========================================================================
Received Import Request.
  Time since last request: 1.714671 seconds.
  path: Assets/Scripts/Enemy/EnemyAttack.cs
  artifactKey: Guid(e15099f5ee559584089d5851df572def) Importer(815301076,1909f56bfc062723c751e8b465ee728b)
Start importing Assets/Scripts/Enemy/EnemyAttack.cs using Guid(e15099f5ee559584089d5851df572def) Importer(815301076,1909f56bfc062723c751e8b465ee728b)  -> (artifact id: '2c69406711bb48a72f1fb9926b7a288d') in 0.004265 seconds
  Import took 0.023221 seconds .

========================================================================
Received Import Request.
  Time since last request: 0.009752 seconds.
  path: Assets/Scripts/Enemy/EnemyAttack.cs
  artifactKey: Guid(e15099f5ee559584089d5851df572def) Importer(815301076,1909f56bfc062723c751e8b465ee728b)
Start importing Assets/Scripts/Enemy/EnemyAttack.cs using Guid(e15099f5ee559584089d5851df572def) Importer(815301076,1909f56bfc062723c751e8b465ee728b)  -> (artifact id: '2c69406711bb48a72f1fb9926b7a288d') in 0.005365 seconds
  Import took 0.009741 seconds .

========================================================================
Received Import Request.
  Time since last request: 16.698658 seconds.
  path: Assets/Scripts/Enemy/EnemyHealth.cs
  artifactKey: Guid(a9b9d14572410594cb85d40eedfb150c) Importer(815301076,1909f56bfc062723c751e8b465ee728b)
Start importing Assets/Scripts/Enemy/EnemyHealth.cs using Guid(a9b9d14572410594cb85d40eedfb150c) Importer(815301076,1909f56bfc062723c751e8b465ee728b)  -> (artifact id: '9b9591915fd3e888f3865f3e8cb30a70') in 0.009260 seconds
  Import took 0.013676 seconds .

========================================================================
Received Import Request.
  Time since last request: 1.408024 seconds.
  path: Assets/Scripts/Enemy/EnemyMovement.cs
  artifactKey: Guid(94f6618a0da65fa45b24d5105d5d8422) Importer(815301076,1909f56bfc062723c751e8b465ee728b)
Start importing Assets/Scripts/Enemy/EnemyMovement.cs using Guid(94f6618a0da65fa45b24d5105d5d8422) Importer(815301076,1909f56bfc062723c751e8b465ee728b)  -> (artifact id: 'dab0e9da1df8bde1a8704a0a1c0f0810') in 0.040973 seconds
  Import took 0.048450 seconds .

========================================================================
Received Import Request.
  Time since last request: 31.710597 seconds.
  path: Assets/Scripts/Enemy/EnemyMovement.cs
  artifactKey: Guid(94f6618a0da65fa45b24d5105d5d8422) Importer(815301076,1909f56bfc062723c751e8b465ee728b)
Start importing Assets/Scripts/Enemy/EnemyMovement.cs using Guid(94f6618a0da65fa45b24d5105d5d8422) Importer(815301076,1909f56bfc062723c751e8b465ee728b)  -> (artifact id: '72ec76c89358db011888c0192833be48') in 0.006410 seconds
  Import took 0.012769 seconds .

========================================================================
Received Prepare
Registering precompiled user dll's ...
Registered in 0.010178 seconds.
Begin MonoManager ReloadAssembly
Native extension for WindowsStandalone target not found
Native extension for WebGL target not found
Refreshing native plugins compatible for Editor in 0.40 ms, found 2 plugins.
Preloading 0 native plugins for Editor in 0.00 ms.
Invoked RoslynAnalysisRunner static constructor.
RoslynAnalysisRunner will not be running.
RoslynAnalysisRunner has terminated.
Mono: successfully reloaded assembly
- Completed reload, in  1.301 seconds
Platform modules already initialized, skipping
Refreshing native plugins compatible for Editor in 0.40 ms, found 2 plugins.
Preloading 0 native plugins for Editor in 0.00 ms.
Unloading 1646 Unused Serialized files (Serialized files now loaded: 0)
System memory in use before: 77.7 MB.
System memory in use after: 77.8 MB.

Unloading 18 unused Assets to reduce memory usage. Loaded Objects now: 2109.
Total: 3.041200 ms (FindLiveObjects: 0.321300 ms CreateObjectMapping: 0.142000 ms MarkObjects: 2.542800 ms  DeleteObjects: 0.033500 ms)

========================================================================
Received Prepare
Registering precompiled user dll's ...
Registered in 0.008497 seconds.
Begin MonoManager ReloadAssembly
Native extension for WindowsStandalone target not found
Native extension for WebGL target not found
Refreshing native plugins compatible for Editor in 0.43 ms, found 2 plugins.
Preloading 0 native plugins for Editor in 0.00 ms.
Invoked RoslynAnalysisRunner static constructor.
RoslynAnalysisRunner will not be running.
RoslynAnalysisRunner has terminated.
Mono: successfully reloaded assembly
- Completed reload, in  1.611 seconds
Platform modules already initialized, skipping
Refreshing native plugins compatible for Editor in 0.45 ms, found 2 plugins.
Preloading 0 native plugins for Editor in 0.00 ms.
Unloading 1646 Unused Serialized files (Serialized files now loaded: 0)
System memory in use before: 77.7 MB.
System memory in use after: 77.8 MB.

Unloading 18 unused Assets to reduce memory usage. Loaded Objects now: 2111.
Total: 2.574700 ms (FindLiveObjects: 0.219700 ms CreateObjectMapping: 0.047900 ms MarkObjects: 2.270000 ms  DeleteObjects: 0.035700 ms)

========================================================================
Received Prepare
Registering precompiled user dll's ...
Registered in 0.009075 seconds.
Begin MonoManager ReloadAssembly
Native extension for WindowsStandalone target not found
Native extension for WebGL target not found
Refreshing native plugins compatible for Editor in 0.39 ms, found 2 plugins.
Preloading 0 native plugins for Editor in 0.00 ms.
Invoked RoslynAnalysisRunner static constructor.
RoslynAnalysisRunner will not be running.
RoslynAnalysisRunner has terminated.
Mono: successfully reloaded assembly
- Completed reload, in  1.739 seconds
Platform modules already initialized, skipping
Refreshing native plugins compatible for Editor in 0.45 ms, found 2 plugins.
Preloading 0 native plugins for Editor in 0.00 ms.
Unloading 1646 Unused Serialized files (Serialized files now loaded: 0)
System memory in use before: 77.7 MB.
System memory in use after: 77.8 MB.

Unloading 18 unused Assets to reduce memory usage. Loaded Objects now: 2113.
Total: 3.416600 ms (FindLiveObjects: 0.310800 ms CreateObjectMapping: 0.241200 ms MarkObjects: 2.827200 ms  DeleteObjects: 0.035900 ms)

========================================================================
Received Prepare
Registering precompiled user dll's ...
Registered in 0.009595 seconds.
Begin MonoManager ReloadAssembly
Native extension for WindowsStandalone target not found
Native extension for WebGL target not found
Refreshing native plugins compatible for Editor in 0.61 ms, found 2 plugins.
Preloading 0 native plugins for Editor in 0.00 ms.
Invoked RoslynAnalysisRunner static constructor.
RoslynAnalysisRunner will not be running.
RoslynAnalysisRunner has terminated.
Mono: successfully reloaded assembly
- Completed reload, in  1.506 seconds
Platform modules already initialized, skipping
Refreshing native plugins compatible for Editor in 0.49 ms, found 2 plugins.
Preloading 0 native plugins for Editor in 0.00 ms.
Unloading 1646 Unused Serialized files (Serialized files now loaded: 0)
System memory in use before: 77.7 MB.
System memory in use after: 77.8 MB.

Unloading 18 unused Assets to reduce memory usage. Loaded Objects now: 2115.
Total: 3.914600 ms (FindLiveObjects: 0.523900 ms CreateObjectMapping: 0.144700 ms MarkObjects: 3.191900 ms  DeleteObjects: 0.036300 ms)

========================================================================
Received Import Request.
  Time since last request: 274.968794 seconds.
  path: Assets/Scripts/Enemy/EnemyHealth.cs
  artifactKey: Guid(a9b9d14572410594cb85d40eedfb150c) Importer(815301076,1909f56bfc062723c751e8b465ee728b)
Start importing Assets/Scripts/Enemy/EnemyHealth.cs using Guid(a9b9d14572410594cb85d40eedfb150c) Importer(815301076,1909f56bfc062723c751e8b465ee728b)  -> (artifact id: 'd9d004bfb8da6cd0572665f2cb286ace') in 0.007695 seconds
  Import took 0.011294 seconds .

========================================================================
Received Import Request.
  Time since last request: 0.024286 seconds.
  path: Assets/Scripts/Enemy/EnemyHealth.cs
  artifactKey: Guid(a9b9d14572410594cb85d40eedfb150c) Importer(815301076,1909f56bfc062723c751e8b465ee728b)
Start importing Assets/Scripts/Enemy/EnemyHealth.cs using Guid(a9b9d14572410594cb85d40eedfb150c) Importer(815301076,1909f56bfc062723c751e8b465ee728b)  -> (artifact id: 'd9d004bfb8da6cd0572665f2cb286ace') in 0.008690 seconds
  Import took 0.013825 seconds .

========================================================================
Received Import Request.
  Time since last request: 3.351036 seconds.
  path: Assets/Scripts/Enemy/EnemyAttack.cs
  artifactKey: Guid(e15099f5ee559584089d5851df572def) Importer(815301076,1909f56bfc062723c751e8b465ee728b)
Start importing Assets/Scripts/Enemy/EnemyAttack.cs using Guid(e15099f5ee559584089d5851df572def) Importer(815301076,1909f56bfc062723c751e8b465ee728b)  -> (artifact id: '34d86758e8fb7c077a006c35f108af5c') in 0.006861 seconds
  Import took 0.010524 seconds .

========================================================================
Received Import Request.
  Time since last request: 44.451630 seconds.
  path: Assets/Scripts/Enemy/EnemyMovement.cs
  artifactKey: Guid(94f6618a0da65fa45b24d5105d5d8422) Importer(815301076,1909f56bfc062723c751e8b465ee728b)
Start importing Assets/Scripts/Enemy/EnemyMovement.cs using Guid(94f6618a0da65fa45b24d5105d5d8422) Importer(815301076,1909f56bfc062723c751e8b465ee728b)  -> (artifact id: '644147b378d77a1afd44b3961b7ae929') in 0.006869 seconds
  Import took 0.011217 seconds .

========================================================================
Received Prepare
Registering precompiled user dll's ...
Registered in 0.008327 seconds.
Begin MonoManager ReloadAssembly
Native extension for WindowsStandalone target not found
Native extension for WebGL target not found
Refreshing native plugins compatible for Editor in 0.40 ms, found 2 plugins.
Preloading 0 native plugins for Editor in 0.00 ms.
Invoked RoslynAnalysisRunner static constructor.
RoslynAnalysisRunner will not be running.
RoslynAnalysisRunner has terminated.
Mono: successfully reloaded assembly
- Completed reload, in  1.497 seconds
Platform modules already initialized, skipping
Refreshing native plugins compatible for Editor in 0.41 ms, found 2 plugins.
Preloading 0 native plugins for Editor in 0.00 ms.
Unloading 1646 Unused Serialized files (Serialized files now loaded: 0)
System memory in use before: 77.7 MB.
System memory in use after: 77.8 MB.

Unloading 18 unused Assets to reduce memory usage. Loaded Objects now: 2117.
Total: 3.335100 ms (FindLiveObjects: 0.305300 ms CreateObjectMapping: 0.121400 ms MarkObjects: 2.858600 ms  DeleteObjects: 0.047900 ms)

========================================================================
Received Import Request.
  Time since last request: 8.177868 seconds.
  path: Assets/Scripts/Enemy/EnemyMovement.cs
  artifactKey: Guid(94f6618a0da65fa45b24d5105d5d8422) Importer(815301076,1909f56bfc062723c751e8b465ee728b)
Start importing Assets/Scripts/Enemy/EnemyMovement.cs using Guid(94f6618a0da65fa45b24d5105d5d8422) Importer(815301076,1909f56bfc062723c751e8b465ee728b)  -> (artifact id: '4e46ad7a4fb74464e57524187dae8eae') in 0.011389 seconds
  Import took 0.015184 seconds .

========================================================================
Received Prepare
Registering precompiled user dll's ...
Registered in 0.008886 seconds.
Begin MonoManager ReloadAssembly
Native extension for WindowsStandalone target not found
Native extension for WebGL target not found
Refreshing native plugins compatible for Editor in 0.49 ms, found 2 plugins.
Preloading 0 native plugins for Editor in 0.00 ms.
Invoked RoslynAnalysisRunner static constructor.
RoslynAnalysisRunner will not be running.
RoslynAnalysisRunner has terminated.
Mono: successfully reloaded assembly
- Completed reload, in  1.311 seconds
Platform modules already initialized, skipping
Refreshing native plugins compatible for Editor in 0.44 ms, found 2 plugins.
Preloading 0 native plugins for Editor in 0.00 ms.
Unloading 1646 Unused Serialized files (Serialized files now loaded: 0)
System memory in use before: 77.7 MB.
System memory in use after: 77.8 MB.

Unloading 18 unused Assets to reduce memory usage. Loaded Objects now: 2119.
Total: 3.369200 ms (FindLiveObjects: 0.663800 ms CreateObjectMapping: 0.245500 ms MarkObjects: 2.434000 ms  DeleteObjects: 0.024300 ms)

========================================================================
Received Prepare
Registering precompiled user dll's ...
Registered in 0.008520 seconds.
Begin MonoManager ReloadAssembly
Native extension for WindowsStandalone target not found
Native extension for WebGL target not found
Refreshing native plugins compatible for Editor in 0.39 ms, found 2 plugins.
Preloading 0 native plugins for Editor in 0.00 ms.
Invoked RoslynAnalysisRunner static constructor.
RoslynAnalysisRunner will not be running.
RoslynAnalysisRunner has terminated.
Mono: successfully reloaded assembly
- Completed reload, in  1.713 seconds
Platform modules already initialized, skipping
Refreshing native plugins compatible for Editor in 0.40 ms, found 2 plugins.
Preloading 0 native plugins for Editor in 0.00 ms.
Unloading 1646 Unused Serialized files (Serialized files now loaded: 0)
System memory in use before: 77.7 MB.
System memory in use after: 77.8 MB.

Unloading 18 unused Assets to reduce memory usage. Loaded Objects now: 2121.
Total: 3.513300 ms (FindLiveObjects: 0.521700 ms CreateObjectMapping: 0.095200 ms MarkObjects: 2.847600 ms  DeleteObjects: 0.047900 ms)

========================================================================
Received Prepare
Registering precompiled user dll's ...
Registered in 0.008809 seconds.
Begin MonoManager ReloadAssembly
Native extension for WindowsStandalone target not found
Native extension for WebGL target not found
Refreshing native plugins compatible for Editor in 0.53 ms, found 2 plugins.
Preloading 0 native plugins for Editor in 0.00 ms.
Invoked RoslynAnalysisRunner static constructor.
RoslynAnalysisRunner will not be running.
RoslynAnalysisRunner has terminated.
Mono: successfully reloaded assembly
- Completed reload, in  1.434 seconds
Platform modules already initialized, skipping
Refreshing native plugins compatible for Editor in 0.52 ms, found 2 plugins.
Preloading 0 native plugins for Editor in 0.00 ms.
Unloading 1646 Unused Serialized files (Serialized files now loaded: 0)
System memory in use before: 77.7 MB.
System memory in use after: 77.8 MB.

Unloading 18 unused Assets to reduce memory usage. Loaded Objects now: 2123.
Total: 2.900500 ms (FindLiveObjects: 0.193700 ms CreateObjectMapping: 0.114900 ms MarkObjects: 2.563100 ms  DeleteObjects: 0.026700 ms)

========================================================================
Received Prepare
Registering precompiled user dll's ...
Registered in 0.009295 seconds.
Begin MonoManager ReloadAssembly
Native extension for WindowsStandalone target not found
Native extension for WebGL target not found
Refreshing native plugins compatible for Editor in 0.39 ms, found 2 plugins.
Preloading 0 native plugins for Editor in 0.00 ms.
Invoked RoslynAnalysisRunner static constructor.
RoslynAnalysisRunner will not be running.
RoslynAnalysisRunner has terminated.
Mono: successfully reloaded assembly
- Completed reload, in  1.501 seconds
Platform modules already initialized, skipping
Refreshing native plugins compatible for Editor in 0.41 ms, found 2 plugins.
Preloading 0 native plugins for Editor in 0.00 ms.
Unloading 1646 Unused Serialized files (Serialized files now loaded: 0)
System memory in use before: 77.7 MB.
System memory in use after: 77.8 MB.

Unloading 18 unused Assets to reduce memory usage. Loaded Objects now: 2125.
Total: 3.391300 ms (FindLiveObjects: 0.214400 ms CreateObjectMapping: 0.079600 ms MarkObjects: 3.057500 ms  DeleteObjects: 0.038100 ms)

========================================================================
Received Prepare
Registering precompiled user dll's ...
Registered in 0.013864 seconds.
Begin MonoManager ReloadAssembly
Native extension for WindowsStandalone target not found
Native extension for WebGL target not found
Refreshing native plugins compatible for Editor in 0.50 ms, found 2 plugins.
Preloading 0 native plugins for Editor in 0.00 ms.
Invoked RoslynAnalysisRunner static constructor.
RoslynAnalysisRunner will not be running.
RoslynAnalysisRunner has terminated.
Mono: successfully reloaded assembly
- Completed reload, in  1.432 seconds
Platform modules already initialized, skipping
Refreshing native plugins compatible for Editor in 0.55 ms, found 2 plugins.
Preloading 0 native plugins for Editor in 0.00 ms.
Unloading 1646 Unused Serialized files (Serialized files now loaded: 0)
System memory in use before: 77.7 MB.
System memory in use after: 77.8 MB.

Unloading 18 unused Assets to reduce memory usage. Loaded Objects now: 2127.
Total: 4.019300 ms (FindLiveObjects: 0.451700 ms CreateObjectMapping: 0.132400 ms MarkObjects: 3.381100 ms  DeleteObjects: 0.052800 ms)

========================================================================
Received Prepare
Registering precompiled user dll's ...
Registered in 0.013851 seconds.
Begin MonoManager ReloadAssembly
Native extension for WindowsStandalone target not found
Native extension for WebGL target not found
Refreshing native plugins compatible for Editor in 0.64 ms, found 2 plugins.
Preloading 0 native plugins for Editor in 0.00 ms.
Invoked RoslynAnalysisRunner static constructor.
RoslynAnalysisRunner will not be running.
RoslynAnalysisRunner has terminated.
Mono: successfully reloaded assembly
- Completed reload, in  1.565 seconds
Platform modules already initialized, skipping
Refreshing native plugins compatible for Editor in 0.61 ms, found 2 plugins.
Preloading 0 native plugins for Editor in 0.00 ms.
Unloading 1646 Unused Serialized files (Serialized files now loaded: 0)
System memory in use before: 77.7 MB.
System memory in use after: 77.8 MB.

Unloading 18 unused Assets to reduce memory usage. Loaded Objects now: 2129.
Total: 2.696400 ms (FindLiveObjects: 0.259400 ms CreateObjectMapping: 0.094400 ms MarkObjects: 2.321000 ms  DeleteObjects: 0.020100 ms)

========================================================================
Received Prepare
Registering precompiled user dll's ...
Registered in 0.009841 seconds.
Begin MonoManager ReloadAssembly
Native extension for WindowsStandalone target not found
Native extension for WebGL target not found
Refreshing native plugins compatible for Editor in 0.42 ms, found 2 plugins.
Preloading 0 native plugins for Editor in 0.00 ms.
Invoked RoslynAnalysisRunner static constructor.
RoslynAnalysisRunner will not be running.
RoslynAnalysisRunner has terminated.
Mono: successfully reloaded assembly
- Completed reload, in  1.438 seconds
Platform modules already initialized, skipping
Refreshing native plugins compatible for Editor in 0.43 ms, found 2 plugins.
Preloading 0 native plugins for Editor in 0.00 ms.
Unloading 1646 Unused Serialized files (Serialized files now loaded: 0)
System memory in use before: 77.7 MB.
System memory in use after: 77.9 MB.

Unloading 18 unused Assets to reduce memory usage. Loaded Objects now: 2131.
Total: 3.599100 ms (FindLiveObjects: 0.330900 ms CreateObjectMapping: 0.065900 ms MarkObjects: 3.153400 ms  DeleteObjects: 0.047800 ms)

========================================================================
Received Prepare
Registering precompiled user dll's ...
Registered in 0.017563 seconds.
Begin MonoManager ReloadAssembly
Native extension for WindowsStandalone target not found
Native extension for WebGL target not found
Refreshing native plugins compatible for Editor in 0.54 ms, found 2 plugins.
Preloading 0 native plugins for Editor in 0.00 ms.
Invoked RoslynAnalysisRunner static constructor.
RoslynAnalysisRunner will not be running.
RoslynAnalysisRunner has terminated.
Mono: successfully reloaded assembly
- Completed reload, in  1.548 seconds
Platform modules already initialized, skipping
Refreshing native plugins compatible for Editor in 0.42 ms, found 2 plugins.
Preloading 0 native plugins for Editor in 0.00 ms.
Unloading 1646 Unused Serialized files (Serialized files now loaded: 0)
System memory in use before: 77.7 MB.
System memory in use after: 77.9 MB.

Unloading 18 unused Assets to reduce memory usage. Loaded Objects now: 2133.
Total: 2.610600 ms (FindLiveObjects: 0.268100 ms CreateObjectMapping: 0.102700 ms MarkObjects: 2.216800 ms  DeleteObjects: 0.022000 ms)

========================================================================
Received Prepare
Registering precompiled user dll's ...
Registered in 0.010322 seconds.
Begin MonoManager ReloadAssembly
Native extension for WindowsStandalone target not found
Native extension for WebGL target not found
Refreshing native plugins compatible for Editor in 0.40 ms, found 2 plugins.
Preloading 0 native plugins for Editor in 0.00 ms.
Invoked RoslynAnalysisRunner static constructor.
RoslynAnalysisRunner will not be running.
RoslynAnalysisRunner has terminated.
Mono: successfully reloaded assembly
- Completed reload, in  1.543 seconds
Platform modules already initialized, skipping
Refreshing native plugins compatible for Editor in 0.42 ms, found 2 plugins.
Preloading 0 native plugins for Editor in 0.00 ms.
Unloading 1646 Unused Serialized files (Serialized files now loaded: 0)
System memory in use before: 77.8 MB.
System memory in use after: 77.9 MB.

Unloading 18 unused Assets to reduce memory usage. Loaded Objects now: 2135.
Total: 3.718900 ms (FindLiveObjects: 0.518100 ms CreateObjectMapping: 0.097700 ms MarkObjects: 3.036800 ms  DeleteObjects: 0.044700 ms)

AssetImportWorkerClient::OnTransportError - code=2 error=End of file
