Using pre-set license
Built from '2020.3/release' branch; Version is '2020.3.2f1 (8fd9074bf66c) revision 9427207'; Using compiler version '192528614'; Build Type 'Release'
OS: 'Windows 10 Pro; OS build 19042.1348; Version 2009; 64bit' Language: 'en' Physical Memory: 8072 MB
BatchMode: 1, IsHumanControllingUs: 0, StartBugReporterOnCrash: 0, Is64bit: 1, IsPro: 0

 COMMAND LINE ARGUMENTS:
C:\Program Files\Unity\Hub\Editor\2020.3.2f1\Editor\Unity.exe
-adb2
-batchMode
-noUpm
-name
AssetImportWorker1
-projectPath
C:/Users/Family/Desktop/Game & Sim/MultiplayerSurvivalShooter/MultiplayerSurvivalShooter/MultiplayerSurvivalShooter
-logFile
Logs/AssetImportWorker1.log
-srvPort
64722
Successfully changed project path to: C:/Users/Family/Desktop/Game & Sim/MultiplayerSurvivalShooter/MultiplayerSurvivalShooter/MultiplayerSurvivalShooter
C:/Users/Family/Desktop/Game & Sim/MultiplayerSurvivalShooter/MultiplayerSurvivalShooter/MultiplayerSurvivalShooter
Using Asset Import Pipeline V2.
Refreshing native plugins compatible for Editor in 41.33 ms, found 2 plugins.
Preloading 0 native plugins for Editor in 0.00 ms.
Initialize engine version: 2020.3.2f1 (8fd9074bf66c)
[Subsystems] Discovering subsystems at path C:/Program Files/Unity/Hub/Editor/2020.3.2f1/Editor/Data/Resources/UnitySubsystems
[Subsystems] Discovering subsystems at path C:/Users/Family/Desktop/Game & Sim/MultiplayerSurvivalShooter/MultiplayerSurvivalShooter/MultiplayerSurvivalShooter/Assets
GfxDevice: creating device client; threaded=0
Direct3D:
    Version:  Direct3D 11.0 [level 11.1]
    Renderer: Intel(R) HD Graphics 530 (ID=0x1912)
    Vendor:   
    VRAM:     4036 MB
    Driver:   27.20.100.9416
Initialize mono
Mono path[0] = 'C:/Program Files/Unity/Hub/Editor/2020.3.2f1/Editor/Data/Managed'
Mono path[1] = 'C:/Program Files/Unity/Hub/Editor/2020.3.2f1/Editor/Data/MonoBleedingEdge/lib/mono/unityjit'
Mono config path = 'C:/Program Files/Unity/Hub/Editor/2020.3.2f1/Editor/Data/MonoBleedingEdge/etc'
Using monoOptions --debugger-agent=transport=dt_socket,embedding=1,server=y,suspend=n,address=127.0.0.1:56280
Begin MonoManager ReloadAssembly
Registering precompiled unity dll's ...
Register platform support module: C:/Program Files/Unity/Hub/Editor/2020.3.2f1/Editor/Data/PlaybackEngines/WebGLSupport/UnityEditor.WebGL.Extensions.dll
Register platform support module: C:/Program Files/Unity/Hub/Editor/2020.3.2f1/Editor/Data/PlaybackEngines/WindowsStandaloneSupport/UnityEditor.WindowsStandalone.Extensions.dll
Registered in 0.004217 seconds.
Native extension for WindowsStandalone target not found
Native extension for WebGL target not found
Refreshing native plugins compatible for Editor in 46.32 ms, found 2 plugins.
Preloading 0 native plugins for Editor in 0.00 ms.
Invoked RoslynAnalysisRunner static constructor.
RoslynAnalysisRunner will not be running.
RoslynAnalysisRunner has terminated.
Mono: successfully reloaded assembly
- Completed reload, in 16.083 seconds
Platform modules already initialized, skipping
Registering precompiled user dll's ...
Registered in 0.012851 seconds.
Begin MonoManager ReloadAssembly
Native extension for WindowsStandalone target not found
Native extension for WebGL target not found
Refreshing native plugins compatible for Editor in 0.52 ms, found 2 plugins.
Preloading 0 native plugins for Editor in 0.00 ms.
Invoked RoslynAnalysisRunner static constructor.
RoslynAnalysisRunner will not be running.
RoslynAnalysisRunner has terminated.
Mono: successfully reloaded assembly
- Completed reload, in  1.742 seconds
Platform modules already initialized, skipping
========================================================================
Worker process is ready to serve import requests
Launched and connected shader compiler UnityShaderCompiler.exe after 0.22 seconds
Refreshing native plugins compatible for Editor in 1.07 ms, found 2 plugins.
Preloading 0 native plugins for Editor in 0.00 ms.
Unloading 1652 Unused Serialized files (Serialized files now loaded: 0)
System memory in use before: 74.8 MB.
System memory in use after: 74.9 MB.

Unloading 23 unused Assets to reduce memory usage. Loaded Objects now: 2084.
Total: 2.779100 ms (FindLiveObjects: 0.241400 ms CreateObjectMapping: 0.096100 ms MarkObjects: 2.354500 ms  DeleteObjects: 0.084500 ms)

========================================================================
Received Import Request.
  path: Assets/Materials/FlareParticleMaterial.mat
  artifactKey: Guid(b75a561f374f89247a62336b50288d40) Importer(815301076,1909f56bfc062723c751e8b465ee728b)
Start importing Assets/Materials/FlareParticleMaterial.mat using Guid(b75a561f374f89247a62336b50288d40) Importer(815301076,1909f56bfc062723c751e8b465ee728b)  -> (artifact id: '34b038b00e8c643a802aa80a27f811c8') in 0.472176 seconds
  Import took 0.510753 seconds .

========================================================================
Received Import Request.
  Time since last request: 20.035010 seconds.
  path: Assets/Prefabs/Player.prefab
  artifactKey: Guid(9e3e72cd89ef44f97afe08f9baaabc18) Importer(815301076,1909f56bfc062723c751e8b465ee728b)
Start importing Assets/Prefabs/Player.prefab using Guid(9e3e72cd89ef44f97afe08f9baaabc18) Importer(815301076,1909f56bfc062723c751e8b465ee728b)  -> (artifact id: '7f61336d9baeb48eb378127a30fdcd1f') in 0.483102 seconds
  Import took 0.509198 seconds .

========================================================================
Received Import Request.
  Time since last request: 8.913310 seconds.
  path: Assets/Prefabs/Player.prefab
  artifactKey: Guid(9e3e72cd89ef44f97afe08f9baaabc18) Importer(815301076,1909f56bfc062723c751e8b465ee728b)
Start importing Assets/Prefabs/Player.prefab using Guid(9e3e72cd89ef44f97afe08f9baaabc18) Importer(815301076,1909f56bfc062723c751e8b465ee728b)  -> (artifact id: 'b0e8dd35de6b564df2dc20d1d54f704f') in 0.065020 seconds
  Import took 0.089437 seconds .

========================================================================
Received Import Request.
  Time since last request: 28.803585 seconds.
  path: Assets/Prefabs/Player.prefab
  artifactKey: Guid(9e3e72cd89ef44f97afe08f9baaabc18) Importer(815301076,1909f56bfc062723c751e8b465ee728b)
Start importing Assets/Prefabs/Player.prefab using Guid(9e3e72cd89ef44f97afe08f9baaabc18) Importer(815301076,1909f56bfc062723c751e8b465ee728b)  -> (artifact id: '728e2a66fed8af52e27a1925c5d476f3') in 0.056927 seconds
  Import took 0.070127 seconds .

========================================================================
Received Prepare
Registering precompiled user dll's ...
Registered in 0.012643 seconds.
Begin MonoManager ReloadAssembly
Native extension for WindowsStandalone target not found
Native extension for WebGL target not found
Refreshing native plugins compatible for Editor in 0.43 ms, found 2 plugins.
Preloading 0 native plugins for Editor in 0.00 ms.
Invoked RoslynAnalysisRunner static constructor.
RoslynAnalysisRunner will not be running.
RoslynAnalysisRunner has terminated.
Mono: successfully reloaded assembly
- Completed reload, in  1.608 seconds
Platform modules already initialized, skipping
Refreshing native plugins compatible for Editor in 0.55 ms, found 2 plugins.
Preloading 0 native plugins for Editor in 0.00 ms.
Unloading 1646 Unused Serialized files (Serialized files now loaded: 0)
System memory in use before: 78.0 MB.
System memory in use after: 78.2 MB.

Unloading 19 unused Assets to reduce memory usage. Loaded Objects now: 2126.
Total: 2.914400 ms (FindLiveObjects: 0.266600 ms CreateObjectMapping: 0.106500 ms MarkObjects: 2.479900 ms  DeleteObjects: 0.059800 ms)

========================================================================
Received Import Request.
  Time since last request: 1540.763231 seconds.
  path: Assets/Scripts/Player/PlayerShooting.cs
  artifactKey: Guid(27c63be2a8918c741863160b9d9da122) Importer(815301076,1909f56bfc062723c751e8b465ee728b)
Start importing Assets/Scripts/Player/PlayerShooting.cs using Guid(27c63be2a8918c741863160b9d9da122) Importer(815301076,1909f56bfc062723c751e8b465ee728b)  -> (artifact id: '4cab607abb6de64ee20a5e2161792c47') in 0.060700 seconds
  Import took 0.087596 seconds .

========================================================================
Received Import Request.
  Time since last request: 431.425173 seconds.
  path: Assets/Scripts/Player/PlayerShooting.cs
  artifactKey: Guid(27c63be2a8918c741863160b9d9da122) Importer(815301076,1909f56bfc062723c751e8b465ee728b)
Start importing Assets/Scripts/Player/PlayerShooting.cs using Guid(27c63be2a8918c741863160b9d9da122) Importer(815301076,1909f56bfc062723c751e8b465ee728b)  -> (artifact id: '75f15e05789c4b4753f7574b1a0b5d26') in 0.008290 seconds
  Import took 0.027260 seconds .

========================================================================
Received Prepare
Registering precompiled user dll's ...
Registered in 0.231767 seconds.
Begin MonoManager ReloadAssembly
Native extension for WindowsStandalone target not found
Native extension for WebGL target not found
Refreshing native plugins compatible for Editor in 0.52 ms, found 2 plugins.
Preloading 0 native plugins for Editor in 0.00 ms.
Invoked RoslynAnalysisRunner static constructor.
RoslynAnalysisRunner will not be running.
RoslynAnalysisRunner has terminated.
Mono: successfully reloaded assembly
- Completed reload, in  1.618 seconds
Platform modules already initialized, skipping
Refreshing native plugins compatible for Editor in 0.45 ms, found 2 plugins.
Preloading 0 native plugins for Editor in 0.00 ms.
Unloading 1646 Unused Serialized files (Serialized files now loaded: 0)
System memory in use before: 78.1 MB.
System memory in use after: 78.2 MB.

Unloading 18 unused Assets to reduce memory usage. Loaded Objects now: 2128.
Total: 4.001300 ms (FindLiveObjects: 0.423400 ms CreateObjectMapping: 0.110900 ms MarkObjects: 3.441500 ms  DeleteObjects: 0.024300 ms)

========================================================================
Received Prepare
Refreshing native plugins compatible for Editor in 7.81 ms, found 2 plugins.
Preloading 0 native plugins for Editor in 0.00 ms.
Unloading 16 Unused Serialized files (Serialized files now loaded: 0)
System memory in use before: 44.8 MB.
System memory in use after: 44.9 MB.

Unloading 16 unused Assets to reduce memory usage. Loaded Objects now: 2128.
Total: 3.517300 ms (FindLiveObjects: 0.231500 ms CreateObjectMapping: 0.085100 ms MarkObjects: 3.151300 ms  DeleteObjects: 0.048000 ms)

========================================================================
Received Prepare
Registering precompiled user dll's ...
Registered in 0.104738 seconds.
Begin MonoManager ReloadAssembly
Native extension for WindowsStandalone target not found
Native extension for WebGL target not found
Refreshing native plugins compatible for Editor in 0.58 ms, found 2 plugins.
Preloading 0 native plugins for Editor in 0.00 ms.
Invoked RoslynAnalysisRunner static constructor.
RoslynAnalysisRunner will not be running.
RoslynAnalysisRunner has terminated.
Mono: successfully reloaded assembly
- Completed reload, in  8.797 seconds
Platform modules already initialized, skipping
Refreshing native plugins compatible for Editor in 0.78 ms, found 2 plugins.
Preloading 0 native plugins for Editor in 0.00 ms.
Unloading 1646 Unused Serialized files (Serialized files now loaded: 0)
System memory in use before: 78.1 MB.
System memory in use after: 78.2 MB.

Unloading 18 unused Assets to reduce memory usage. Loaded Objects now: 2130.
Total: 7.813600 ms (FindLiveObjects: 0.398600 ms CreateObjectMapping: 0.189100 ms MarkObjects: 7.097400 ms  DeleteObjects: 0.124700 ms)

========================================================================
Received Import Request.
  Time since last request: 2235.468271 seconds.
  path: Assets/Materials/DollArmMaterial.mat
  artifactKey: Guid(6e17af88287f0b448a73cc49549a64a7) Importer(815301076,1909f56bfc062723c751e8b465ee728b)
Start importing Assets/Materials/DollArmMaterial.mat using Guid(6e17af88287f0b448a73cc49549a64a7) Importer(815301076,1909f56bfc062723c751e8b465ee728b)  -> (artifact id: '14b7d8a59e0235e1891bfffb941e6ec6') in 0.561617 seconds
  Import took 0.575411 seconds .

========================================================================
Received Import Request.
  Time since last request: 0.000540 seconds.
  path: Assets/Materials/GunMaterial.mat
  artifactKey: Guid(5afa4a01a731c834d9a62da55c7cfa7c) Importer(815301076,1909f56bfc062723c751e8b465ee728b)
Start importing Assets/Materials/GunMaterial.mat using Guid(5afa4a01a731c834d9a62da55c7cfa7c) Importer(815301076,1909f56bfc062723c751e8b465ee728b)  -> (artifact id: '209039cf724263c0b67c9a1c7f780abc') in 0.037219 seconds
  Import took 0.044638 seconds .

========================================================================
Received Import Request.
  Time since last request: 0.000559 seconds.
  path: Assets/Materials/ReflectorMaterial.mat
  artifactKey: Guid(77418298633c084438f31c2c9714713c) Importer(815301076,1909f56bfc062723c751e8b465ee728b)
Start importing Assets/Materials/ReflectorMaterial.mat using Guid(77418298633c084438f31c2c9714713c) Importer(815301076,1909f56bfc062723c751e8b465ee728b)  -> (artifact id: '6518ac8c687f3301a8577d763193792b') in 0.463144 seconds
  Import took 0.495401 seconds .

========================================================================
Received Import Request.
  Time since last request: 0.000556 seconds.
  path: Assets/Materials/DollhouseMaterial.mat
  artifactKey: Guid(c1949f404862a554fa4099c15ef2d2d0) Importer(815301076,1909f56bfc062723c751e8b465ee728b)
Start importing Assets/Materials/DollhouseMaterial.mat using Guid(c1949f404862a554fa4099c15ef2d2d0) Importer(815301076,1909f56bfc062723c751e8b465ee728b)  -> (artifact id: '61aca898d73bcc1c60615e7ae5979620') in 0.502436 seconds
  Import took 0.535591 seconds .

========================================================================
Received Import Request.
  Time since last request: 0.034000 seconds.
  path: Assets/Materials/StoolMaterial.mat
  artifactKey: Guid(e216d9a237468f4458c2662e19f60c81) Importer(815301076,1909f56bfc062723c751e8b465ee728b)
Start importing Assets/Materials/StoolMaterial.mat using Guid(e216d9a237468f4458c2662e19f60c81) Importer(815301076,1909f56bfc062723c751e8b465ee728b)  -> (artifact id: '51e3846b2b0c032c4d80e42a9bb7ac7b') in 0.208673 seconds
  Import took 0.251967 seconds .

========================================================================
Received Import Request.
  Time since last request: 0.000505 seconds.
  path: Assets/Materials/DollhouseMaterial.mat
  artifactKey: Guid(c1949f404862a554fa4099c15ef2d2d0) Importer(815301076,1909f56bfc062723c751e8b465ee728b)
Start importing Assets/Materials/DollhouseMaterial.mat using Guid(c1949f404862a554fa4099c15ef2d2d0) Importer(815301076,1909f56bfc062723c751e8b465ee728b)  -> (artifact id: '61aca898d73bcc1c60615e7ae5979620') in 0.021750 seconds
  Import took 0.025079 seconds .

========================================================================
Received Import Request.
  Time since last request: 0.000418 seconds.
  path: Assets/Materials/FluffParticleMaterial.mat
  artifactKey: Guid(01ffe1f3679a0894087ea5e74106fb93) Importer(815301076,1909f56bfc062723c751e8b465ee728b)
Start importing Assets/Materials/FluffParticleMaterial.mat using Guid(01ffe1f3679a0894087ea5e74106fb93) Importer(815301076,1909f56bfc062723c751e8b465ee728b)  -> (artifact id: '856cbaddd7e3cb22c80289504ae873f3') in 0.049306 seconds
  Import took 0.071667 seconds .

========================================================================
Received Import Request.
  Time since last request: 0.000500 seconds.
  path: Assets/Materials/RobotMaterial.mat
  artifactKey: Guid(2094b0aba19a4c44bb00f6f055bb899e) Importer(815301076,1909f56bfc062723c751e8b465ee728b)
Start importing Assets/Materials/RobotMaterial.mat using Guid(2094b0aba19a4c44bb00f6f055bb899e) Importer(815301076,1909f56bfc062723c751e8b465ee728b)  -> (artifact id: 'b8e8423e65f848c63974b9eb3ee6699e') in 0.173030 seconds
  Import took 0.205142 seconds .

========================================================================
Received Import Request.
  Time since last request: 0.000556 seconds.
  path: Assets/Materials/HellephantMaterial.mat
  artifactKey: Guid(20c2c861010d0ce49a4716087f02535e) Importer(815301076,1909f56bfc062723c751e8b465ee728b)
Start importing Assets/Materials/HellephantMaterial.mat using Guid(20c2c861010d0ce49a4716087f02535e) Importer(815301076,1909f56bfc062723c751e8b465ee728b)  -> (artifact id: '520ace2bbac43926bcf3ff702f2737c9') in 0.052021 seconds
  Import took 0.054781 seconds .

========================================================================
Received Import Request.
  Time since last request: 0.000467 seconds.
  path: Assets/Materials/SpinningTopMaterial.mat
  artifactKey: Guid(2cc03082a5ed39b48989495e27eca771) Importer(815301076,1909f56bfc062723c751e8b465ee728b)
Start importing Assets/Materials/SpinningTopMaterial.mat using Guid(2cc03082a5ed39b48989495e27eca771) Importer(815301076,1909f56bfc062723c751e8b465ee728b)  -> (artifact id: 'adf78e7b189743239f0eaf76eced9c3e') in 0.148728 seconds
  Import took 0.387366 seconds .

========================================================================
Received Import Request.
  Time since last request: 0.000422 seconds.
  path: Assets/Materials/DrawersMaterial.mat
  artifactKey: Guid(29bbead13699b2d4f8bb36a42f8952a8) Importer(815301076,1909f56bfc062723c751e8b465ee728b)
Start importing Assets/Materials/DrawersMaterial.mat using Guid(29bbead13699b2d4f8bb36a42f8952a8) Importer(815301076,1909f56bfc062723c751e8b465ee728b)  -> (artifact id: 'b22a6429eae246f5c10a81daed003190') in 0.185324 seconds
  Import took 0.188915 seconds .

========================================================================
Received Import Request.
  Time since last request: 0.000427 seconds.
  path: Assets/Materials/FiretruckMaterial.mat
  artifactKey: Guid(19ef75e024e092b4c9dfa97b7b1a4dcc) Importer(815301076,1909f56bfc062723c751e8b465ee728b)
Start importing Assets/Materials/FiretruckMaterial.mat using Guid(19ef75e024e092b4c9dfa97b7b1a4dcc) Importer(815301076,1909f56bfc062723c751e8b465ee728b)  -> (artifact id: 'd076865cb7e2f86a3cb06466623eedb2') in 0.199777 seconds
  Import took 0.234964 seconds .

========================================================================
Received Import Request.
  Time since last request: 0.000514 seconds.
  path: Assets/Materials/LineRenderMaterial.mat
  artifactKey: Guid(007cd3dce0e6539409edcc484011c877) Importer(815301076,1909f56bfc062723c751e8b465ee728b)
Start importing Assets/Materials/LineRenderMaterial.mat using Guid(007cd3dce0e6539409edcc484011c877) Importer(815301076,1909f56bfc062723c751e8b465ee728b)  -> (artifact id: '8cff097dd7ddc4541e891cca0885cf95') in 0.019248 seconds
  Import took 0.039341 seconds .

========================================================================
Received Import Request.
  Time since last request: 0.000461 seconds.
  path: Assets/Materials/HearseMaterial.mat
  artifactKey: Guid(bb414bb09da597d4c98ebd9d9c7b972c) Importer(815301076,1909f56bfc062723c751e8b465ee728b)
Start importing Assets/Materials/HearseMaterial.mat using Guid(bb414bb09da597d4c98ebd9d9c7b972c) Importer(815301076,1909f56bfc062723c751e8b465ee728b)  -> (artifact id: 'c5d9436ad14521f35d044811fafc2ea2') in 0.174698 seconds
  Import took 0.177675 seconds .

========================================================================
Received Import Request.
  Time since last request: 0.000556 seconds.
  path: Assets/Materials/StarMaterial.mat
  artifactKey: Guid(6b5c24d7a55839944bc4415eb3395d10) Importer(815301076,1909f56bfc062723c751e8b465ee728b)
Start importing Assets/Materials/StarMaterial.mat using Guid(6b5c24d7a55839944bc4415eb3395d10) Importer(815301076,1909f56bfc062723c751e8b465ee728b)  -> (artifact id: '6ff567f0274fce9977b252059e1ec3d2') in 0.062533 seconds
  Import took 0.083702 seconds .

========================================================================
Received Import Request.
  Time since last request: 0.000484 seconds.
  path: Assets/Materials/TrainMaterial.mat
  artifactKey: Guid(0d545cb791fbdf34a8344533f47c4358) Importer(815301076,1909f56bfc062723c751e8b465ee728b)
Start importing Assets/Materials/TrainMaterial.mat using Guid(0d545cb791fbdf34a8344533f47c4358) Importer(815301076,1909f56bfc062723c751e8b465ee728b)  -> (artifact id: 'b35ca2acc27d0f9e408a29102f041c88') in 0.147688 seconds
  Import took 0.150554 seconds .

========================================================================
Received Import Request.
  Time since last request: 0.000514 seconds.
  path: Assets/Materials/EyesMaterial.mat
  artifactKey: Guid(51d14e0fd3936be48bf8d5031d3e24c7) Importer(815301076,1909f56bfc062723c751e8b465ee728b)
Start importing Assets/Materials/EyesMaterial.mat using Guid(51d14e0fd3936be48bf8d5031d3e24c7) Importer(815301076,1909f56bfc062723c751e8b465ee728b)  -> (artifact id: 'dfc29e43f3c6ba25524b56b225777a69') in 0.026764 seconds
  Import took 0.039271 seconds .

========================================================================
Received Import Request.
  Time since last request: 0.000559 seconds.
  path: Assets/Materials/ZombunnyMaterial.mat
  artifactKey: Guid(90309a9ae07af7a4baf27031c594f369) Importer(815301076,1909f56bfc062723c751e8b465ee728b)
Start importing Assets/Materials/ZombunnyMaterial.mat using Guid(90309a9ae07af7a4baf27031c594f369) Importer(815301076,1909f56bfc062723c751e8b465ee728b)  -> (artifact id: '439114bc6ee73edd0ba51ac09ea02af6') in 0.028411 seconds
  Import took 0.050509 seconds .

========================================================================
Received Import Request.
  Time since last request: 0.000493 seconds.
  path: Assets/Materials/PlanksMaterial.mat
  artifactKey: Guid(c9fdccd01cd0c3d40af6eb4f901b3b24) Importer(815301076,1909f56bfc062723c751e8b465ee728b)
Start importing Assets/Materials/PlanksMaterial.mat using Guid(c9fdccd01cd0c3d40af6eb4f901b3b24) Importer(815301076,1909f56bfc062723c751e8b465ee728b)  -> (artifact id: '0c0768a6ccd7ccb6071450ff3c01b2b7') in 0.259464 seconds
  Import took 0.263355 seconds .

========================================================================
Received Import Request.
  Time since last request: 0.000566 seconds.
  path: Assets/Materials/ZombearMaterial.mat
  artifactKey: Guid(0e554613ca2e81743a244dd20c8d44a0) Importer(815301076,1909f56bfc062723c751e8b465ee728b)
Start importing Assets/Materials/ZombearMaterial.mat using Guid(0e554613ca2e81743a244dd20c8d44a0) Importer(815301076,1909f56bfc062723c751e8b465ee728b)  -> (artifact id: '23762178f382ed580ee3687ae7bcf23a') in 0.041527 seconds
  Import took 0.045084 seconds .

========================================================================
Received Import Request.
  Time since last request: 0.000576 seconds.
  path: Assets/Materials/PlayerMaterial.mat
  artifactKey: Guid(3ea44298aa419344dbdcf87dd1a50533) Importer(815301076,1909f56bfc062723c751e8b465ee728b)
Start importing Assets/Materials/PlayerMaterial.mat using Guid(3ea44298aa419344dbdcf87dd1a50533) Importer(815301076,1909f56bfc062723c751e8b465ee728b)  -> (artifact id: '933a0f4a743ef4bc31af452635084841') in 0.031416 seconds
  Import took 0.057946 seconds .

========================================================================
Received Import Request.
  Time since last request: 0.000383 seconds.
  path: Assets/Materials/WallMaterial.mat
  artifactKey: Guid(e196a25074146564d886222649fb88d6) Importer(815301076,1909f56bfc062723c751e8b465ee728b)
Start importing Assets/Materials/WallMaterial.mat using Guid(e196a25074146564d886222649fb88d6) Importer(815301076,1909f56bfc062723c751e8b465ee728b)  -> (artifact id: 'afb428155cada6d352edac8ad43c9d57') in 0.265888 seconds
  Import took 0.287039 seconds .

========================================================================
Received Import Request.
  Time since last request: 131.145993 seconds.
  path: Assets/Models/Characters/ZomBear.fbx
  artifactKey: Guid(c236aa7ad6dcabe47abc7d2cf903ae71) Importer(815301076,1909f56bfc062723c751e8b465ee728b)
Start importing Assets/Models/Characters/ZomBear.fbx using Guid(c236aa7ad6dcabe47abc7d2cf903ae71) Importer(815301076,1909f56bfc062723c751e8b465ee728b)  -> (artifact id: '3bba1cad1baaab521e883c26dac4191f') in 0.332612 seconds
  Import took 0.361377 seconds .

========================================================================
Received Import Request.
  Time since last request: 0.000510 seconds.
  path: Assets/Models/Characters/Zombunny.fbx
  artifactKey: Guid(be66986effd141b4992d2d78be127139) Importer(815301076,1909f56bfc062723c751e8b465ee728b)
Start importing Assets/Models/Characters/Zombunny.fbx using Guid(be66986effd141b4992d2d78be127139) Importer(815301076,1909f56bfc062723c751e8b465ee728b)  -> (artifact id: 'ba814621b7981a28e8b2e1da7e008ee6') in 0.055354 seconds
  Import took 0.059096 seconds .

========================================================================
Received Import Request.
  Time since last request: 0.710840 seconds.
  path: Assets/Models/Environment/Train.fbx
  artifactKey: Guid(ffdb71bb9ac69ca4487008cff817971f) Importer(815301076,1909f56bfc062723c751e8b465ee728b)
Start importing Assets/Models/Environment/Train.fbx using Guid(ffdb71bb9ac69ca4487008cff817971f) Importer(815301076,1909f56bfc062723c751e8b465ee728b)  -> (artifact id: '5894bd73acdbb671a265c14ad9d384d4') in 0.082313 seconds
  Import took 0.100312 seconds .

========================================================================
Received Import Request.
  Time since last request: 0.000456 seconds.
  path: Assets/Models/Environment/Wall.FBX
  artifactKey: Guid(cd89b29b93f735d4890454fe39739868) Importer(815301076,1909f56bfc062723c751e8b465ee728b)
Start importing Assets/Models/Environment/Wall.FBX using Guid(cd89b29b93f735d4890454fe39739868) Importer(815301076,1909f56bfc062723c751e8b465ee728b)  -> (artifact id: '9951f540830fd8c923a77fff7a76b1ca') in 0.239233 seconds
  Import took 0.254808 seconds .

========================================================================
Received Import Request.
  Time since last request: 0.227896 seconds.
  path: Assets/Models/Environment/Stool.FBX
  artifactKey: Guid(29339104c7d69b346a4f1585f2be81d8) Importer(815301076,1909f56bfc062723c751e8b465ee728b)
Start importing Assets/Models/Environment/Stool.FBX using Guid(29339104c7d69b346a4f1585f2be81d8) Importer(815301076,1909f56bfc062723c751e8b465ee728b)  -> (artifact id: 'f1249674266d7f392d3cc1190fc46585') in 0.058071 seconds
  Import took 0.079546 seconds .

========================================================================
Received Import Request.
  Time since last request: 1.061250 seconds.
  path: Assets/Models/Environment/Floor.fbx
  artifactKey: Guid(bd3a7a773fe02354da0a4d8dbabd8cbb) Importer(815301076,1909f56bfc062723c751e8b465ee728b)
Start importing Assets/Models/Environment/Floor.fbx using Guid(bd3a7a773fe02354da0a4d8dbabd8cbb) Importer(815301076,1909f56bfc062723c751e8b465ee728b)  -> (artifact id: 'cd1471cbf5b1300760c9fed37e433bd0') in 0.126892 seconds
  Import took 0.148125 seconds .

========================================================================
Received Import Request.
  Time since last request: 0.000468 seconds.
  path: Assets/Models/Environment/SpinningTop.fbx
  artifactKey: Guid(f3ae2f327b1ccba488153e136bd96969) Importer(815301076,1909f56bfc062723c751e8b465ee728b)
Start importing Assets/Models/Environment/SpinningTop.fbx using Guid(f3ae2f327b1ccba488153e136bd96969) Importer(815301076,1909f56bfc062723c751e8b465ee728b)  -> (artifact id: 'a065a803271d74930bb318639053f850') in 0.066662 seconds
  Import took 0.080582 seconds .

========================================================================
Received Import Request.
  Time since last request: 0.837132 seconds.
  path: Assets/Models/Characters/Player.fbx
  artifactKey: Guid(f1d84cc28597f5641a3d9cbc4df7e306) Importer(815301076,1909f56bfc062723c751e8b465ee728b)
Start importing Assets/Models/Characters/Player.fbx using Guid(f1d84cc28597f5641a3d9cbc4df7e306) Importer(815301076,1909f56bfc062723c751e8b465ee728b)  -> (artifact id: 'f87d4dd78d66cf4a3ce8975ecbe9cd1c') in 0.103095 seconds
  Import took 0.107264 seconds .

========================================================================
Received Import Request.
  Time since last request: 0.000477 seconds.
  path: Assets/Models/Environment/Robot.FBX
  artifactKey: Guid(37838039cb488d24ca9c078c2e1ef1b1) Importer(815301076,1909f56bfc062723c751e8b465ee728b)
Start importing Assets/Models/Environment/Robot.FBX using Guid(37838039cb488d24ca9c078c2e1ef1b1) Importer(815301076,1909f56bfc062723c751e8b465ee728b)  -> (artifact id: '28342b16fa60c806fc453c3de34d9801') in 0.061524 seconds
  Import took 0.064583 seconds .

========================================================================
Received Import Request.
  Time since last request: 1.011697 seconds.
  path: Assets/Models/Characters/Hellephant.fbx
  artifactKey: Guid(b77f122f451a2394898a24191c26107c) Importer(815301076,1909f56bfc062723c751e8b465ee728b)
Start importing Assets/Models/Characters/Hellephant.fbx using Guid(b77f122f451a2394898a24191c26107c) Importer(815301076,1909f56bfc062723c751e8b465ee728b)  -> (artifact id: 'dd79099cb0d91544bf97144277f988be') in 0.057240 seconds
  Import took 0.062631 seconds .

========================================================================
Received Import Request.
  Time since last request: 0.281160 seconds.
  path: Assets/Models/Environment/Hearse.FBX
  artifactKey: Guid(83c124e5c28d49149a336502dc0e1e2d) Importer(815301076,1909f56bfc062723c751e8b465ee728b)
Start importing Assets/Models/Environment/Hearse.FBX using Guid(83c124e5c28d49149a336502dc0e1e2d) Importer(815301076,1909f56bfc062723c751e8b465ee728b)  -> (artifact id: '0a932cc45cf480666ddc6eac8a58d6c3') in 0.094584 seconds
  Import took 0.103057 seconds .

========================================================================
Received Import Request.
  Time since last request: 1.408247 seconds.
  path: Assets/Models/Environment/Drawers.fbx
  artifactKey: Guid(a6ec141e423c0ef46a377ffd284c2e2a) Importer(815301076,1909f56bfc062723c751e8b465ee728b)
Start importing Assets/Models/Environment/Drawers.fbx using Guid(a6ec141e423c0ef46a377ffd284c2e2a) Importer(815301076,1909f56bfc062723c751e8b465ee728b)  -> (artifact id: '91b1aaa615320b39a2b4fb6ca329e8d5') in 0.120178 seconds
  Import took 0.124032 seconds .

========================================================================
Received Import Request.
  Time since last request: 0.000402 seconds.
  path: Assets/Models/Environment/Firetruck.fbx
  artifactKey: Guid(66756304be5ae4545bcbdef9ff1489b2) Importer(815301076,1909f56bfc062723c751e8b465ee728b)
Start importing Assets/Models/Environment/Firetruck.fbx using Guid(66756304be5ae4545bcbdef9ff1489b2) Importer(815301076,1909f56bfc062723c751e8b465ee728b)  -> (artifact id: '8b403c8115a0aea08a9fe84bf29c5a1a') in 0.065124 seconds
  Import took 0.068334 seconds .

========================================================================
Received Import Request.
  Time since last request: 0.202695 seconds.
  path: Assets/Models/Environment/DollArm.FBX
  artifactKey: Guid(121b3e7b2d66aca4fa4d229a6d434b89) Importer(815301076,1909f56bfc062723c751e8b465ee728b)
Start importing Assets/Models/Environment/DollArm.FBX using Guid(121b3e7b2d66aca4fa4d229a6d434b89) Importer(815301076,1909f56bfc062723c751e8b465ee728b)  -> (artifact id: '54865b8dabd3f3cd346652d4d57a76a3') in 0.087514 seconds
  Import took 0.091624 seconds .

========================================================================
Received Import Request.
  Time since last request: 0.000367 seconds.
  path: Assets/Models/Environment/Dollhouse.fbx
  artifactKey: Guid(eec0a941ebb666b458f6523bd925c87d) Importer(815301076,1909f56bfc062723c751e8b465ee728b)
Start importing Assets/Models/Environment/Dollhouse.fbx using Guid(eec0a941ebb666b458f6523bd925c87d) Importer(815301076,1909f56bfc062723c751e8b465ee728b)  -> (artifact id: 'fc3b2e20ef0670b4cd63e813310b7acc') in 0.069459 seconds
  Import took 0.072421 seconds .

========================================================================
Received Import Request.
  Time since last request: 3.528460 seconds.
  path: Assets/Models/Environment/Blox.FBX
  artifactKey: Guid(6b9fc1d48e3e9874da5b00cc4970419a) Importer(815301076,1909f56bfc062723c751e8b465ee728b)
Start importing Assets/Models/Environment/Blox.FBX using Guid(6b9fc1d48e3e9874da5b00cc4970419a) Importer(815301076,1909f56bfc062723c751e8b465ee728b)  -> (artifact id: '43618eb07bbac9c69eaf823451e60a6b') in 0.182410 seconds
  Import took 0.187713 seconds .

========================================================================
Received Import Request.
  Time since last request: 0.000537 seconds.
  path: Assets/Models/Environment/Clock.fbx
  artifactKey: Guid(e03ae68b9fdf406439d6f7e50456dc75) Importer(815301076,1909f56bfc062723c751e8b465ee728b)
Start importing Assets/Models/Environment/Clock.fbx using Guid(e03ae68b9fdf406439d6f7e50456dc75) Importer(815301076,1909f56bfc062723c751e8b465ee728b)  -> (artifact id: 'ade447c416013ede4d2bc84bc16a4bec') in 0.295434 seconds
  Import took 0.299329 seconds .

========================================================================
Received Import Request.
  Time since last request: 0.000553 seconds.
  path: Assets/Models/Environment/Bat.fbx
  artifactKey: Guid(9f185e9167e4f99489912e1b6d9899bf) Importer(815301076,1909f56bfc062723c751e8b465ee728b)
Start importing Assets/Models/Environment/Bat.fbx using Guid(9f185e9167e4f99489912e1b6d9899bf) Importer(815301076,1909f56bfc062723c751e8b465ee728b)  -> (artifact id: '72be8defbbdf3f8fa64af76891b6717b') in 0.247700 seconds
  Import took 0.250611 seconds .

========================================================================
Received Import Request.
  Time since last request: 0.507720 seconds.
  path: Assets/Models/Environment/Arches.fbx
  artifactKey: Guid(83ce4d1897bf5de438ba201190387a04) Importer(815301076,1909f56bfc062723c751e8b465ee728b)
Start importing Assets/Models/Environment/Arches.fbx using Guid(83ce4d1897bf5de438ba201190387a04) Importer(815301076,1909f56bfc062723c751e8b465ee728b)  -> (artifact id: 'ec47e8c8e7b5c4d1b544dfd1812ee7a8') in 0.208767 seconds
  Import took 0.213151 seconds .

========================================================================
Received Prepare
Registering precompiled user dll's ...
Registered in 0.008743 seconds.
Begin MonoManager ReloadAssembly
Native extension for WindowsStandalone target not found
Native extension for WebGL target not found
Refreshing native plugins compatible for Editor in 0.41 ms, found 2 plugins.
Preloading 0 native plugins for Editor in 0.00 ms.
Invoked RoslynAnalysisRunner static constructor.
RoslynAnalysisRunner will not be running.
RoslynAnalysisRunner has terminated.
Mono: successfully reloaded assembly
- Completed reload, in  1.349 seconds
Platform modules already initialized, skipping
Refreshing native plugins compatible for Editor in 0.43 ms, found 2 plugins.
Preloading 0 native plugins for Editor in 0.00 ms.
Unloading 1646 Unused Serialized files (Serialized files now loaded: 0)
System memory in use before: 78.4 MB.
System memory in use after: 78.5 MB.

Unloading 18 unused Assets to reduce memory usage. Loaded Objects now: 2136.
Total: 3.567000 ms (FindLiveObjects: 0.219400 ms CreateObjectMapping: 0.140400 ms MarkObjects: 3.175900 ms  DeleteObjects: 0.029800 ms)

========================================================================
Received Import Request.
  Time since last request: 674.923289 seconds.
  path: Assets/Scripts/Player/PlayerHealth.cs
  artifactKey: Guid(544f2064df03e95419b4a5147c506b08) Importer(815301076,1909f56bfc062723c751e8b465ee728b)
Start importing Assets/Scripts/Player/PlayerHealth.cs using Guid(544f2064df03e95419b4a5147c506b08) Importer(815301076,1909f56bfc062723c751e8b465ee728b)  -> (artifact id: 'f8563bf0de3c8629f43177cc8ae06adf') in 0.008478 seconds
  Import took 0.011829 seconds .

========================================================================
Received Import Request.
  Time since last request: 0.031625 seconds.
  path: Assets/Scripts/Player/PlayerHealth.cs
  artifactKey: Guid(544f2064df03e95419b4a5147c506b08) Importer(815301076,1909f56bfc062723c751e8b465ee728b)
Start importing Assets/Scripts/Player/PlayerHealth.cs using Guid(544f2064df03e95419b4a5147c506b08) Importer(815301076,1909f56bfc062723c751e8b465ee728b)  -> (artifact id: 'f8563bf0de3c8629f43177cc8ae06adf') in 0.008020 seconds
  Import took 0.011995 seconds .

========================================================================
Received Prepare
Registering precompiled user dll's ...
Registered in 0.011830 seconds.
Begin MonoManager ReloadAssembly
Native extension for WindowsStandalone target not found
Native extension for WebGL target not found
Refreshing native plugins compatible for Editor in 0.46 ms, found 2 plugins.
Preloading 0 native plugins for Editor in 0.00 ms.
Invoked RoslynAnalysisRunner static constructor.
RoslynAnalysisRunner will not be running.
RoslynAnalysisRunner has terminated.
Mono: successfully reloaded assembly
- Completed reload, in  1.653 seconds
Platform modules already initialized, skipping
Refreshing native plugins compatible for Editor in 0.39 ms, found 2 plugins.
Preloading 0 native plugins for Editor in 0.00 ms.
Unloading 1646 Unused Serialized files (Serialized files now loaded: 0)
System memory in use before: 78.4 MB.
System memory in use after: 78.5 MB.

Unloading 18 unused Assets to reduce memory usage. Loaded Objects now: 2138.
Total: 5.312200 ms (FindLiveObjects: 0.220000 ms CreateObjectMapping: 0.107400 ms MarkObjects: 4.958300 ms  DeleteObjects: 0.024900 ms)

========================================================================
Received Import Request.
  Time since last request: 608.339824 seconds.
  path: Assets/Scripts/Player/PlayerHealth.cs
  artifactKey: Guid(544f2064df03e95419b4a5147c506b08) Importer(815301076,1909f56bfc062723c751e8b465ee728b)
Start importing Assets/Scripts/Player/PlayerHealth.cs using Guid(544f2064df03e95419b4a5147c506b08) Importer(815301076,1909f56bfc062723c751e8b465ee728b)  -> (artifact id: '7720fb6e2b4e043756dd0e59cd6341bb') in 0.008247 seconds
  Import took 0.034326 seconds .

AssetImportWorkerClient::OnTransportError - code=2 error=End of file
