Using pre-set license
Built from '2020.3/release' branch; Version is '2020.3.2f1 (8fd9074bf66c) revision 9427207'; Using compiler version '192528614'; Build Type 'Release'
OS: 'Windows 10 Pro; OS build 19042.1348; Version 2009; 64bit' Language: 'en' Physical Memory: 8072 MB
BatchMode: 1, IsHumanControllingUs: 0, StartBugReporterOnCrash: 0, Is64bit: 1, IsPro: 0

 COMMAND LINE ARGUMENTS:
C:\Program Files\Unity\Hub\Editor\2020.3.2f1\Editor\Unity.exe
-adb2
-batchMode
-noUpm
-name
AssetImportWorker2
-projectPath
C:/Users/Family/Desktop/Game & Sim/MultiplayerSurvivalShooter/MultiplayerSurvivalShooter/MultiplayerSurvivalShooter
-logFile
Logs/AssetImportWorker2.log
-srvPort
51828
Successfully changed project path to: C:/Users/Family/Desktop/Game & Sim/MultiplayerSurvivalShooter/MultiplayerSurvivalShooter/MultiplayerSurvivalShooter
C:/Users/Family/Desktop/Game & Sim/MultiplayerSurvivalShooter/MultiplayerSurvivalShooter/MultiplayerSurvivalShooter
Using Asset Import Pipeline V2.
Refreshing native plugins compatible for Editor in 44.29 ms, found 2 plugins.
Preloading 0 native plugins for Editor in 0.00 ms.
Initialize engine version: 2020.3.2f1 (8fd9074bf66c)
[Subsystems] Discovering subsystems at path C:/Program Files/Unity/Hub/Editor/2020.3.2f1/Editor/Data/Resources/UnitySubsystems
[Subsystems] Discovering subsystems at path C:/Users/Family/Desktop/Game & Sim/MultiplayerSurvivalShooter/MultiplayerSurvivalShooter/MultiplayerSurvivalShooter/Assets
GfxDevice: creating device client; threaded=0
Direct3D:
    Version:  Direct3D 11.0 [level 11.1]
    Renderer: Intel(R) HD Graphics 530 (ID=0x1912)
    Vendor:   
    VRAM:     4036 MB
    Driver:   27.20.100.9416
Initialize mono
Mono path[0] = 'C:/Program Files/Unity/Hub/Editor/2020.3.2f1/Editor/Data/Managed'
Mono path[1] = 'C:/Program Files/Unity/Hub/Editor/2020.3.2f1/Editor/Data/MonoBleedingEdge/lib/mono/unityjit'
Mono config path = 'C:/Program Files/Unity/Hub/Editor/2020.3.2f1/Editor/Data/MonoBleedingEdge/etc'
Using monoOptions --debugger-agent=transport=dt_socket,embedding=1,server=y,suspend=n,address=127.0.0.1:56220
Begin MonoManager ReloadAssembly
Registering precompiled unity dll's ...
Register platform support module: C:/Program Files/Unity/Hub/Editor/2020.3.2f1/Editor/Data/PlaybackEngines/WebGLSupport/UnityEditor.WebGL.Extensions.dll
Register platform support module: C:/Program Files/Unity/Hub/Editor/2020.3.2f1/Editor/Data/PlaybackEngines/WindowsStandaloneSupport/UnityEditor.WindowsStandalone.Extensions.dll
Registered in 0.003564 seconds.
Native extension for WindowsStandalone target not found
Native extension for WebGL target not found
Refreshing native plugins compatible for Editor in 40.19 ms, found 2 plugins.
Preloading 0 native plugins for Editor in 0.00 ms.
Invoked RoslynAnalysisRunner static constructor.
RoslynAnalysisRunner will not be running.
RoslynAnalysisRunner has terminated.
Mono: successfully reloaded assembly
- Completed reload, in  1.596 seconds
Platform modules already initialized, skipping
Registering precompiled user dll's ...
Registered in 0.010189 seconds.
Begin MonoManager ReloadAssembly
Native extension for WindowsStandalone target not found
Native extension for WebGL target not found
Refreshing native plugins compatible for Editor in 0.50 ms, found 2 plugins.
Preloading 0 native plugins for Editor in 0.00 ms.
Invoked RoslynAnalysisRunner static constructor.
RoslynAnalysisRunner will not be running.
RoslynAnalysisRunner has terminated.
Mono: successfully reloaded assembly
- Completed reload, in  3.227 seconds
Platform modules already initialized, skipping
========================================================================
Worker process is ready to serve import requests
Launched and connected shader compiler UnityShaderCompiler.exe after 0.14 seconds
Refreshing native plugins compatible for Editor in 0.40 ms, found 2 plugins.
Preloading 0 native plugins for Editor in 0.00 ms.
Unloading 1652 Unused Serialized files (Serialized files now loaded: 0)
System memory in use before: 74.3 MB.
System memory in use after: 74.3 MB.

Unloading 23 unused Assets to reduce memory usage. Loaded Objects now: 2083.
Total: 2.483200 ms (FindLiveObjects: 0.191400 ms CreateObjectMapping: 0.064200 ms MarkObjects: 2.129900 ms  DeleteObjects: 0.096000 ms)

========================================================================
Received Import Request.
  path: Assets/Scenes
  artifactKey: Guid(e0d226e02cf114741ae756b8182e3b29) Importer(815301076,1909f56bfc062723c751e8b465ee728b)
Start importing Assets/Scenes using Guid(e0d226e02cf114741ae756b8182e3b29) Importer(815301076,1909f56bfc062723c751e8b465ee728b)  -> (artifact id: 'efca8f76e4c3bd4652990e4cf4614bd1') in 0.034183 seconds
  Import took 0.053949 seconds .

========================================================================
Received Import Request.
  Time since last request: 0.000407 seconds.
  path: Assets/Scenes/Level 01.unity
  artifactKey: Guid(d00c5439dd69e48feba120cf2b4b7c7d) Importer(815301076,1909f56bfc062723c751e8b465ee728b)
Start importing Assets/Scenes/Level 01.unity using Guid(d00c5439dd69e48feba120cf2b4b7c7d) Importer(815301076,1909f56bfc062723c751e8b465ee728b)  -> (artifact id: '0f1fdde6827434fa63b76d96827bfc5b') in 0.027665 seconds
  Import took 0.030419 seconds .

========================================================================
Received Import Request.
  Time since last request: 44.113245 seconds.
  path: Assets/Scripts
  artifactKey: Guid(5b4c49a66ffe046409ae2403576daed6) Importer(815301076,1909f56bfc062723c751e8b465ee728b)
Start importing Assets/Scripts using Guid(5b4c49a66ffe046409ae2403576daed6) Importer(815301076,1909f56bfc062723c751e8b465ee728b)  -> (artifact id: '4b26644915d00706fd9777fe580bebb7') in 0.005890 seconds
  Import took 0.013334 seconds .

========================================================================
Received Import Request.
  Time since last request: 0.001386 seconds.
  path: Assets/Scripts
  artifactKey: Guid(5b4c49a66ffe046409ae2403576daed6) Importer(815301076,1909f56bfc062723c751e8b465ee728b)
Start importing Assets/Scripts using Guid(5b4c49a66ffe046409ae2403576daed6) Importer(815301076,1909f56bfc062723c751e8b465ee728b)  -> (artifact id: '4b26644915d00706fd9777fe580bebb7') in 0.003407 seconds
  Import took 0.007899 seconds .

========================================================================
Received Import Request.
  Time since last request: 1.551174 seconds.
  path: Assets/Scripts/Player
  artifactKey: Guid(ddcf9b9898ce58248b9a49113705d610) Importer(815301076,1909f56bfc062723c751e8b465ee728b)
Start importing Assets/Scripts/Player using Guid(ddcf9b9898ce58248b9a49113705d610) Importer(815301076,1909f56bfc062723c751e8b465ee728b)  -> (artifact id: 'f694c086672d01404c2484a52a538fcb') in 0.026284 seconds
  Import took 0.029575 seconds .

========================================================================
Received Import Request.
  Time since last request: 2.243693 seconds.
  path: Assets/Scripts/Player/PlayerHealth.cs
  artifactKey: Guid(544f2064df03e95419b4a5147c506b08) Importer(815301076,1909f56bfc062723c751e8b465ee728b)
Start importing Assets/Scripts/Player/PlayerHealth.cs using Guid(544f2064df03e95419b4a5147c506b08) Importer(815301076,1909f56bfc062723c751e8b465ee728b)  -> (artifact id: '7720fb6e2b4e043756dd0e59cd6341bb') in 0.409959 seconds
  Import took 0.414415 seconds .

========================================================================
Received Import Request.
  Time since last request: 2302.427784 seconds.
  path: Assets/Scripts/Player/PlayerShooting.cs
  artifactKey: Guid(27c63be2a8918c741863160b9d9da122) Importer(815301076,1909f56bfc062723c751e8b465ee728b)
Start importing Assets/Scripts/Player/PlayerShooting.cs using Guid(27c63be2a8918c741863160b9d9da122) Importer(815301076,1909f56bfc062723c751e8b465ee728b)  -> (artifact id: '588445672e555d87868ce52d59a4faa4') in 0.028080 seconds
  Import took 0.083305 seconds .

========================================================================
Received Import Request.
  Time since last request: 2.874251 seconds.
  path: Assets/Scripts/Enemy
  artifactKey: Guid(2d2919eb3e9b27d45b2531ad9f1afc57) Importer(815301076,1909f56bfc062723c751e8b465ee728b)
Start importing Assets/Scripts/Enemy using Guid(2d2919eb3e9b27d45b2531ad9f1afc57) Importer(815301076,1909f56bfc062723c751e8b465ee728b)  -> (artifact id: '492267e6a0e605cef8a66266e18ffc6f') in 0.005165 seconds
  Import took 0.007764 seconds .

========================================================================
Received Import Request.
  Time since last request: 2.085506 seconds.
  path: Assets/Scripts/Enemy/EnemyHealth.cs
  artifactKey: Guid(a9b9d14572410594cb85d40eedfb150c) Importer(815301076,1909f56bfc062723c751e8b465ee728b)
Start importing Assets/Scripts/Enemy/EnemyHealth.cs using Guid(a9b9d14572410594cb85d40eedfb150c) Importer(815301076,1909f56bfc062723c751e8b465ee728b)  -> (artifact id: '56984b7e72d3b971a3dfab74badc2820') in 0.043462 seconds
  Import took 0.053918 seconds .

========================================================================
Received Import Request.
  Time since last request: 18.919014 seconds.
  path: Assets/Scripts/Enemy/EnemyAttack.cs
  artifactKey: Guid(e15099f5ee559584089d5851df572def) Importer(815301076,1909f56bfc062723c751e8b465ee728b)
Start importing Assets/Scripts/Enemy/EnemyAttack.cs using Guid(e15099f5ee559584089d5851df572def) Importer(815301076,1909f56bfc062723c751e8b465ee728b)  -> (artifact id: '40d16146092b82aa6110ed608cc9f986') in 0.036508 seconds
  Import took 0.043479 seconds .

========================================================================
Received Import Request.
  Time since last request: 573.790203 seconds.
  path: Assets/Scripts/Enemy/EnemyAttack.cs
  artifactKey: Guid(e15099f5ee559584089d5851df572def) Importer(815301076,1909f56bfc062723c751e8b465ee728b)
Start importing Assets/Scripts/Enemy/EnemyAttack.cs using Guid(e15099f5ee559584089d5851df572def) Importer(815301076,1909f56bfc062723c751e8b465ee728b)  -> (artifact id: '2a86035b2cd58a08db02e35eddedc013') in 0.031660 seconds
  Import took 0.066423 seconds .

========================================================================
Received Prepare
Registering precompiled user dll's ...
Registered in 0.092553 seconds.
Begin MonoManager ReloadAssembly
Native extension for WindowsStandalone target not found
Native extension for WebGL target not found
Refreshing native plugins compatible for Editor in 0.40 ms, found 2 plugins.
Preloading 0 native plugins for Editor in 0.00 ms.
Invoked RoslynAnalysisRunner static constructor.
RoslynAnalysisRunner will not be running.
RoslynAnalysisRunner has terminated.
Mono: successfully reloaded assembly
- Completed reload, in  1.701 seconds
Platform modules already initialized, skipping
Refreshing native plugins compatible for Editor in 0.38 ms, found 2 plugins.
Preloading 0 native plugins for Editor in 0.00 ms.
Unloading 1646 Unused Serialized files (Serialized files now loaded: 0)
System memory in use before: 74.1 MB.
System memory in use after: 74.2 MB.

Unloading 18 unused Assets to reduce memory usage. Loaded Objects now: 2085.
Total: 2.656100 ms (FindLiveObjects: 0.221800 ms CreateObjectMapping: 0.063700 ms MarkObjects: 2.322800 ms  DeleteObjects: 0.046400 ms)

========================================================================
Received Import Request.
  Time since last request: 87.284413 seconds.
  path: Assets/Prefabs
  artifactKey: Guid(b5a697bed303cc04ab1aaa7bbc30a018) Importer(815301076,1909f56bfc062723c751e8b465ee728b)
Start importing Assets/Prefabs using Guid(b5a697bed303cc04ab1aaa7bbc30a018) Importer(815301076,1909f56bfc062723c751e8b465ee728b)  -> (artifact id: '3ff8c2ca4bd9b0eb7e4c8d2732ed846b') in 0.036859 seconds
  Import took 0.039935 seconds .

========================================================================
Received Import Request.
  Time since last request: 0.014684 seconds.
  path: Assets/Prefabs
  artifactKey: Guid(b5a697bed303cc04ab1aaa7bbc30a018) Importer(815301076,1909f56bfc062723c751e8b465ee728b)
Start importing Assets/Prefabs using Guid(b5a697bed303cc04ab1aaa7bbc30a018) Importer(815301076,1909f56bfc062723c751e8b465ee728b)  -> (artifact id: '3ff8c2ca4bd9b0eb7e4c8d2732ed846b') in 0.006159 seconds
  Import took 0.009209 seconds .

========================================================================
Received Import Request.
  Time since last request: 0.026710 seconds.
  path: Assets/Prefabs/Environment.prefab
  artifactKey: Guid(149d6dcc67e8d1240bbc0dd6ddf0c1bd) Importer(815301076,1909f56bfc062723c751e8b465ee728b)
Start importing Assets/Prefabs/Environment.prefab using Guid(149d6dcc67e8d1240bbc0dd6ddf0c1bd) Importer(815301076,1909f56bfc062723c751e8b465ee728b)  -> (artifact id: '07df052d49e19074f3fe0ada9115c738') in 21.184417 seconds
  Import took 21.213672 seconds .

========================================================================
Received Import Request.
  Time since last request: 0.000691 seconds.
  path: Assets/Prefabs/Hellephant.prefab
  artifactKey: Guid(ebed7a3ef4be5458fb88a3c3a689c566) Importer(815301076,1909f56bfc062723c751e8b465ee728b)
Start importing Assets/Prefabs/Hellephant.prefab using Guid(ebed7a3ef4be5458fb88a3c3a689c566) Importer(815301076,1909f56bfc062723c751e8b465ee728b)  -> (artifact id: 'e5cacd731e30f062986172c2a13763d6') in 3.320857 seconds
  Import took 3.340103 seconds .

========================================================================
Received Import Request.
  Time since last request: 0.000422 seconds.
  path: Assets/Prefabs/ZomBear.prefab
  artifactKey: Guid(78e1368557eab4d62a5487e98c1b5c5f) Importer(815301076,1909f56bfc062723c751e8b465ee728b)
Start importing Assets/Prefabs/ZomBear.prefab using Guid(78e1368557eab4d62a5487e98c1b5c5f) Importer(815301076,1909f56bfc062723c751e8b465ee728b)  -> (artifact id: 'afd9461e09d01523cdb2bc87b3e2b306') in 0.417269 seconds
  Import took 0.421485 seconds .

========================================================================
Received Import Request.
  Time since last request: 0.000316 seconds.
  path: Assets/Prefabs/HitParticles.prefab
  artifactKey: Guid(ef39ae7291c751249b296f00bf6fb042) Importer(815301076,1909f56bfc062723c751e8b465ee728b)
Start importing Assets/Prefabs/HitParticles.prefab using Guid(ef39ae7291c751249b296f00bf6fb042) Importer(815301076,1909f56bfc062723c751e8b465ee728b)  -> (artifact id: '0fb564a7d36fea2f1bf9b5cba6e4bd13') in 0.008939 seconds
  Import took 0.013481 seconds .

========================================================================
Received Import Request.
  Time since last request: 0.000456 seconds.
  path: Assets/Prefabs/Lights.prefab
  artifactKey: Guid(ad67cddd729fb4342be2063a3f5ad7cc) Importer(815301076,1909f56bfc062723c751e8b465ee728b)
Start importing Assets/Prefabs/Lights.prefab using Guid(ad67cddd729fb4342be2063a3f5ad7cc) Importer(815301076,1909f56bfc062723c751e8b465ee728b)  -> (artifact id: '928e4628d98d50247430835316a74f59') in 0.057277 seconds
  Import took 0.061417 seconds .

========================================================================
Received Import Request.
  Time since last request: 0.000449 seconds.
  path: Assets/Prefabs/GunParticles.prefab
  artifactKey: Guid(0bd11145ced4539458f937fc4609544a) Importer(815301076,1909f56bfc062723c751e8b465ee728b)
Start importing Assets/Prefabs/GunParticles.prefab using Guid(0bd11145ced4539458f937fc4609544a) Importer(815301076,1909f56bfc062723c751e8b465ee728b)  -> (artifact id: '3a5dc17d8b8fe4f291e109747233e844') in 0.010125 seconds
  Import took 0.014316 seconds .

========================================================================
Received Import Request.
  Time since last request: 0.000426 seconds.
  path: Assets/Prefabs/Zombunny.prefab
  artifactKey: Guid(4e3b7f611582d4dc7a9dd318242ed5e3) Importer(815301076,1909f56bfc062723c751e8b465ee728b)
Start importing Assets/Prefabs/Zombunny.prefab using Guid(4e3b7f611582d4dc7a9dd318242ed5e3) Importer(815301076,1909f56bfc062723c751e8b465ee728b)  -> (artifact id: 'de4a70f163acf6d6636db7d9a19ae683') in 0.348319 seconds
  Import took 0.370409 seconds .

========================================================================
Received Import Request.
  Time since last request: 0.000336 seconds.
  path: Assets/Prefabs/Player.prefab
  artifactKey: Guid(9e3e72cd89ef44f97afe08f9baaabc18) Importer(815301076,1909f56bfc062723c751e8b465ee728b)
Start importing Assets/Prefabs/Player.prefab using Guid(9e3e72cd89ef44f97afe08f9baaabc18) Importer(815301076,1909f56bfc062723c751e8b465ee728b)  -> (artifact id: 'd0416d86002de8c757a1e10685ec4097') in 0.213084 seconds
  Import took 0.218410 seconds .

========================================================================
Received Prepare
Refreshing native plugins compatible for Editor in 454.65 ms, found 2 plugins.
Preloading 0 native plugins for Editor in 0.00 ms.
Unloading 16 Unused Serialized files (Serialized files now loaded: 0)
System memory in use before: 46.0 MB.
System memory in use after: 46.1 MB.

Unloading 17 unused Assets to reduce memory usage. Loaded Objects now: 2093.
Total: 5.052200 ms (FindLiveObjects: 0.744200 ms CreateObjectMapping: 0.142200 ms MarkObjects: 4.058800 ms  DeleteObjects: 0.088700 ms)

========================================================================
Received Prepare
Registering precompiled user dll's ...
Registered in 0.053153 seconds.
Begin MonoManager ReloadAssembly
Native extension for WindowsStandalone target not found
Native extension for WebGL target not found
Refreshing native plugins compatible for Editor in 0.54 ms, found 2 plugins.
Preloading 0 native plugins for Editor in 0.00 ms.
Invoked RoslynAnalysisRunner static constructor.
RoslynAnalysisRunner will not be running.
RoslynAnalysisRunner has terminated.
Mono: successfully reloaded assembly
- Completed reload, in 12.380 seconds
Platform modules already initialized, skipping
Refreshing native plugins compatible for Editor in 0.56 ms, found 2 plugins.
Preloading 0 native plugins for Editor in 0.00 ms.
Unloading 1646 Unused Serialized files (Serialized files now loaded: 0)
System memory in use before: 77.7 MB.
System memory in use after: 77.8 MB.

Unloading 18 unused Assets to reduce memory usage. Loaded Objects now: 2095.
Total: 7.028400 ms (FindLiveObjects: 0.265200 ms CreateObjectMapping: 0.074600 ms MarkObjects: 6.654100 ms  DeleteObjects: 0.032000 ms)

========================================================================
Received Prepare
Refreshing native plugins compatible for Editor in 11.30 ms, found 2 plugins.
Preloading 0 native plugins for Editor in 0.00 ms.
Unloading 16 Unused Serialized files (Serialized files now loaded: 0)
System memory in use before: 44.4 MB.
System memory in use after: 44.5 MB.

Unloading 16 unused Assets to reduce memory usage. Loaded Objects now: 2095.
Total: 6.100200 ms (FindLiveObjects: 0.266300 ms CreateObjectMapping: 0.085600 ms MarkObjects: 5.669400 ms  DeleteObjects: 0.076300 ms)

========================================================================
Received Prepare
Registering precompiled user dll's ...
Registered in 0.081367 seconds.
Begin MonoManager ReloadAssembly
Native extension for WindowsStandalone target not found
Native extension for WebGL target not found
Refreshing native plugins compatible for Editor in 1.05 ms, found 2 plugins.
Preloading 0 native plugins for Editor in 0.00 ms.
Invoked RoslynAnalysisRunner static constructor.
RoslynAnalysisRunner will not be running.
RoslynAnalysisRunner has terminated.
Mono: successfully reloaded assembly
- Completed reload, in  5.056 seconds
Platform modules already initialized, skipping
Refreshing native plugins compatible for Editor in 2.58 ms, found 2 plugins.
Preloading 0 native plugins for Editor in 0.00 ms.
Unloading 1646 Unused Serialized files (Serialized files now loaded: 0)
System memory in use before: 77.7 MB.
System memory in use after: 77.8 MB.

Unloading 18 unused Assets to reduce memory usage. Loaded Objects now: 2097.
Total: 12.042900 ms (FindLiveObjects: 0.869200 ms CreateObjectMapping: 0.412100 ms MarkObjects: 10.726400 ms  DeleteObjects: 0.031800 ms)

========================================================================
Received Import Request.
  Time since last request: 1374.459151 seconds.
  path: Assets/Scripts/Enemy/EnemyHealth.cs
  artifactKey: Guid(a9b9d14572410594cb85d40eedfb150c) Importer(815301076,1909f56bfc062723c751e8b465ee728b)
Start importing Assets/Scripts/Enemy/EnemyHealth.cs using Guid(a9b9d14572410594cb85d40eedfb150c) Importer(815301076,1909f56bfc062723c751e8b465ee728b)  -> (artifact id: '15f440adfa0b8ab8ee2b36a899fae4fd') in 0.208926 seconds
  Import took 0.494121 seconds .

========================================================================
Received Prepare
Registering precompiled user dll's ...
Registered in 0.049384 seconds.
Begin MonoManager ReloadAssembly
Native extension for WindowsStandalone target not found
Native extension for WebGL target not found
Refreshing native plugins compatible for Editor in 0.43 ms, found 2 plugins.
Preloading 0 native plugins for Editor in 0.00 ms.
Invoked RoslynAnalysisRunner static constructor.
RoslynAnalysisRunner will not be running.
RoslynAnalysisRunner has terminated.
Mono: successfully reloaded assembly
- Completed reload, in  1.420 seconds
Platform modules already initialized, skipping
Refreshing native plugins compatible for Editor in 0.39 ms, found 2 plugins.
Preloading 0 native plugins for Editor in 0.00 ms.
Unloading 1646 Unused Serialized files (Serialized files now loaded: 0)
System memory in use before: 77.7 MB.
System memory in use after: 77.8 MB.

Unloading 18 unused Assets to reduce memory usage. Loaded Objects now: 2099.
Total: 13.793400 ms (FindLiveObjects: 0.168900 ms CreateObjectMapping: 0.064100 ms MarkObjects: 13.488400 ms  DeleteObjects: 0.070700 ms)

========================================================================
Received Import Request.
  Time since last request: 464.681242 seconds.
  path: Assets/Prefabs/Hellephant.prefab
  artifactKey: Guid(ebed7a3ef4be5458fb88a3c3a689c566) Importer(815301076,1909f56bfc062723c751e8b465ee728b)
Start importing Assets/Prefabs/Hellephant.prefab using Guid(ebed7a3ef4be5458fb88a3c3a689c566) Importer(815301076,1909f56bfc062723c751e8b465ee728b)  -> (artifact id: '1c9b80ebafe369fc3b5e4139b95eb5d6') in 0.810608 seconds
  Import took 0.823420 seconds .

========================================================================
Received Import Request.
  Time since last request: 0.000896 seconds.
  path: Assets/Prefabs/ZomBear.prefab
  artifactKey: Guid(78e1368557eab4d62a5487e98c1b5c5f) Importer(815301076,1909f56bfc062723c751e8b465ee728b)
Start importing Assets/Prefabs/ZomBear.prefab using Guid(78e1368557eab4d62a5487e98c1b5c5f) Importer(815301076,1909f56bfc062723c751e8b465ee728b)  -> (artifact id: '4b4677ecf7212282a52f85291724c991') in 0.378107 seconds
  Import took 0.402465 seconds .

========================================================================
Received Import Request.
  Time since last request: 0.000429 seconds.
  path: Assets/Prefabs/Zombunny.prefab
  artifactKey: Guid(4e3b7f611582d4dc7a9dd318242ed5e3) Importer(815301076,1909f56bfc062723c751e8b465ee728b)
Start importing Assets/Prefabs/Zombunny.prefab using Guid(4e3b7f611582d4dc7a9dd318242ed5e3) Importer(815301076,1909f56bfc062723c751e8b465ee728b)  -> (artifact id: '1385e51820ab9c7518559f9a63246f46') in 0.374357 seconds
  Import took 0.398020 seconds .

========================================================================
Received Prepare
Registering precompiled user dll's ...
Registered in 0.009283 seconds.
Begin MonoManager ReloadAssembly
Native extension for WindowsStandalone target not found
Native extension for WebGL target not found
Refreshing native plugins compatible for Editor in 0.49 ms, found 2 plugins.
Preloading 0 native plugins for Editor in 0.00 ms.
Invoked RoslynAnalysisRunner static constructor.
RoslynAnalysisRunner will not be running.
RoslynAnalysisRunner has terminated.
Mono: successfully reloaded assembly
- Completed reload, in  2.251 seconds
Platform modules already initialized, skipping
Refreshing native plugins compatible for Editor in 0.44 ms, found 2 plugins.
Preloading 0 native plugins for Editor in 0.00 ms.
Unloading 1646 Unused Serialized files (Serialized files now loaded: 0)
System memory in use before: 77.7 MB.
System memory in use after: 77.8 MB.

Unloading 18 unused Assets to reduce memory usage. Loaded Objects now: 2102.
Total: 3.241700 ms (FindLiveObjects: 0.147900 ms CreateObjectMapping: 0.046100 ms MarkObjects: 3.010600 ms  DeleteObjects: 0.035800 ms)

========================================================================
Received Prepare
Refreshing native plugins compatible for Editor in 8.78 ms, found 2 plugins.
Preloading 0 native plugins for Editor in 0.00 ms.
Unloading 16 Unused Serialized files (Serialized files now loaded: 0)
System memory in use before: 44.5 MB.
System memory in use after: 44.6 MB.

Unloading 16 unused Assets to reduce memory usage. Loaded Objects now: 2102.
Total: 3.855100 ms (FindLiveObjects: 0.269600 ms CreateObjectMapping: 0.202800 ms MarkObjects: 3.360000 ms  DeleteObjects: 0.021200 ms)

========================================================================
Received Prepare
Registering precompiled user dll's ...
Registered in 0.061184 seconds.
Begin MonoManager ReloadAssembly
Native extension for WindowsStandalone target not found
Native extension for WebGL target not found
Refreshing native plugins compatible for Editor in 1.19 ms, found 2 plugins.
Preloading 0 native plugins for Editor in 0.00 ms.
Invoked RoslynAnalysisRunner static constructor.
RoslynAnalysisRunner will not be running.
RoslynAnalysisRunner has terminated.
Mono: successfully reloaded assembly
- Completed reload, in  7.184 seconds
Platform modules already initialized, skipping
Refreshing native plugins compatible for Editor in 1.00 ms, found 2 plugins.
Preloading 0 native plugins for Editor in 0.00 ms.
Unloading 1646 Unused Serialized files (Serialized files now loaded: 0)
System memory in use before: 77.7 MB.
System memory in use after: 77.8 MB.

Unloading 18 unused Assets to reduce memory usage. Loaded Objects now: 2104.
Total: 8.487200 ms (FindLiveObjects: 0.612900 ms CreateObjectMapping: 0.295300 ms MarkObjects: 7.529100 ms  DeleteObjects: 0.042400 ms)

========================================================================
Received Prepare
Registering precompiled user dll's ...
Registered in 0.388534 seconds.
Begin MonoManager ReloadAssembly
Native extension for WindowsStandalone target not found
Native extension for WebGL target not found
Refreshing native plugins compatible for Editor in 0.50 ms, found 2 plugins.
Preloading 0 native plugins for Editor in 0.00 ms.
Invoked RoslynAnalysisRunner static constructor.
RoslynAnalysisRunner will not be running.
RoslynAnalysisRunner has terminated.
Mono: successfully reloaded assembly
- Completed reload, in 11.010 seconds
Platform modules already initialized, skipping
Refreshing native plugins compatible for Editor in 0.77 ms, found 2 plugins.
Preloading 0 native plugins for Editor in 0.00 ms.
Unloading 1646 Unused Serialized files (Serialized files now loaded: 0)
System memory in use before: 77.7 MB.
System memory in use after: 77.8 MB.

Unloading 18 unused Assets to reduce memory usage. Loaded Objects now: 2106.
Total: 4.773600 ms (FindLiveObjects: 0.244400 ms CreateObjectMapping: 0.080200 ms MarkObjects: 4.421700 ms  DeleteObjects: 0.024800 ms)

========================================================================
Received Prepare
Registering precompiled user dll's ...
Registered in 0.115239 seconds.
Begin MonoManager ReloadAssembly
Native extension for WindowsStandalone target not found
Native extension for WebGL target not found
Refreshing native plugins compatible for Editor in 8.26 ms, found 2 plugins.
Preloading 0 native plugins for Editor in 0.00 ms.
Invoked RoslynAnalysisRunner static constructor.
RoslynAnalysisRunner will not be running.
RoslynAnalysisRunner has terminated.
Mono: successfully reloaded assembly
- Completed reload, in 13.183 seconds
Platform modules already initialized, skipping
Refreshing native plugins compatible for Editor in 0.45 ms, found 2 plugins.
Preloading 0 native plugins for Editor in 0.00 ms.
Unloading 1646 Unused Serialized files (Serialized files now loaded: 0)
System memory in use before: 77.7 MB.
System memory in use after: 77.8 MB.

Unloading 18 unused Assets to reduce memory usage. Loaded Objects now: 2108.
Total: 2.535000 ms (FindLiveObjects: 0.251100 ms CreateObjectMapping: 0.087900 ms MarkObjects: 2.173500 ms  DeleteObjects: 0.021500 ms)

========================================================================
Received Prepare
Registering precompiled user dll's ...
Registered in 0.008910 seconds.
Begin MonoManager ReloadAssembly
Native extension for WindowsStandalone target not found
Native extension for WebGL target not found
Refreshing native plugins compatible for Editor in 0.46 ms, found 2 plugins.
Preloading 0 native plugins for Editor in 0.00 ms.
Invoked RoslynAnalysisRunner static constructor.
RoslynAnalysisRunner will not be running.
RoslynAnalysisRunner has terminated.
Mono: successfully reloaded assembly
- Completed reload, in  3.016 seconds
Platform modules already initialized, skipping
Refreshing native plugins compatible for Editor in 0.39 ms, found 2 plugins.
Preloading 0 native plugins for Editor in 0.00 ms.
Unloading 1646 Unused Serialized files (Serialized files now loaded: 0)
System memory in use before: 77.7 MB.
System memory in use after: 77.8 MB.

Unloading 18 unused Assets to reduce memory usage. Loaded Objects now: 2110.
Total: 3.262500 ms (FindLiveObjects: 0.169800 ms CreateObjectMapping: 0.059500 ms MarkObjects: 2.977800 ms  DeleteObjects: 0.054300 ms)

========================================================================
Received Prepare
Refreshing native plugins compatible for Editor in 8.39 ms, found 2 plugins.
Preloading 0 native plugins for Editor in 0.00 ms.
Unloading 16 Unused Serialized files (Serialized files now loaded: 0)
System memory in use before: 44.5 MB.
System memory in use after: 44.6 MB.

Unloading 16 unused Assets to reduce memory usage. Loaded Objects now: 2110.
Total: 3.182400 ms (FindLiveObjects: 0.170000 ms CreateObjectMapping: 0.060400 ms MarkObjects: 2.920500 ms  DeleteObjects: 0.030400 ms)

========================================================================
Received Prepare
Registering precompiled user dll's ...
Registered in 0.105448 seconds.
Begin MonoManager ReloadAssembly
Native extension for WindowsStandalone target not found
Native extension for WebGL target not found
Refreshing native plugins compatible for Editor in 1.03 ms, found 2 plugins.
Preloading 0 native plugins for Editor in 0.00 ms.
Invoked RoslynAnalysisRunner static constructor.
RoslynAnalysisRunner will not be running.
RoslynAnalysisRunner has terminated.
Mono: successfully reloaded assembly
- Completed reload, in  6.665 seconds
Platform modules already initialized, skipping
Refreshing native plugins compatible for Editor in 0.78 ms, found 2 plugins.
Preloading 0 native plugins for Editor in 0.00 ms.
Unloading 1646 Unused Serialized files (Serialized files now loaded: 0)
System memory in use before: 77.7 MB.
System memory in use after: 77.9 MB.

Unloading 18 unused Assets to reduce memory usage. Loaded Objects now: 2112.
Total: 7.377300 ms (FindLiveObjects: 0.500400 ms CreateObjectMapping: 0.864100 ms MarkObjects: 5.978200 ms  DeleteObjects: 0.032800 ms)

========================================================================
Received Prepare
Registering precompiled user dll's ...
Registered in 0.041947 seconds.
Begin MonoManager ReloadAssembly
Native extension for WindowsStandalone target not found
Native extension for WebGL target not found
Refreshing native plugins compatible for Editor in 0.94 ms, found 2 plugins.
Preloading 0 native plugins for Editor in 0.00 ms.
Invoked RoslynAnalysisRunner static constructor.
RoslynAnalysisRunner will not be running.
RoslynAnalysisRunner has terminated.
Mono: successfully reloaded assembly
- Completed reload, in 11.207 seconds
Platform modules already initialized, skipping
Refreshing native plugins compatible for Editor in 0.88 ms, found 2 plugins.
Preloading 0 native plugins for Editor in 0.00 ms.
Unloading 1646 Unused Serialized files (Serialized files now loaded: 0)
System memory in use before: 77.8 MB.
System memory in use after: 77.9 MB.

Unloading 18 unused Assets to reduce memory usage. Loaded Objects now: 2114.
Total: 7.867200 ms (FindLiveObjects: 0.872500 ms CreateObjectMapping: 0.510700 ms MarkObjects: 6.429500 ms  DeleteObjects: 0.050300 ms)

========================================================================
Received Prepare
Registering precompiled user dll's ...
Registered in 0.067319 seconds.
Begin MonoManager ReloadAssembly
Native extension for WindowsStandalone target not found
Native extension for WebGL target not found
Refreshing native plugins compatible for Editor in 1.39 ms, found 2 plugins.
Preloading 0 native plugins for Editor in 0.00 ms.
Invoked RoslynAnalysisRunner static constructor.
RoslynAnalysisRunner will not be running.
RoslynAnalysisRunner has terminated.
Mono: successfully reloaded assembly
- Completed reload, in  8.072 seconds
Platform modules already initialized, skipping
Refreshing native plugins compatible for Editor in 0.59 ms, found 2 plugins.
Preloading 0 native plugins for Editor in 0.00 ms.
Unloading 1646 Unused Serialized files (Serialized files now loaded: 0)
System memory in use before: 77.8 MB.
System memory in use after: 77.9 MB.

Unloading 18 unused Assets to reduce memory usage. Loaded Objects now: 2116.
Total: 22.175500 ms (FindLiveObjects: 0.290200 ms CreateObjectMapping: 0.076300 ms MarkObjects: 21.778700 ms  DeleteObjects: 0.028300 ms)

========================================================================
Received Prepare
Registering precompiled user dll's ...
Registered in 0.020767 seconds.
Begin MonoManager ReloadAssembly
Native extension for WindowsStandalone target not found
Native extension for WebGL target not found
Refreshing native plugins compatible for Editor in 0.43 ms, found 2 plugins.
Preloading 0 native plugins for Editor in 0.00 ms.
Invoked RoslynAnalysisRunner static constructor.
RoslynAnalysisRunner will not be running.
RoslynAnalysisRunner has terminated.
Mono: successfully reloaded assembly
- Completed reload, in  2.715 seconds
Platform modules already initialized, skipping
Refreshing native plugins compatible for Editor in 0.46 ms, found 2 plugins.
Preloading 0 native plugins for Editor in 0.00 ms.
Unloading 1646 Unused Serialized files (Serialized files now loaded: 0)
System memory in use before: 77.8 MB.
System memory in use after: 77.9 MB.

Unloading 18 unused Assets to reduce memory usage. Loaded Objects now: 2118.
Total: 7.923200 ms (FindLiveObjects: 0.202600 ms CreateObjectMapping: 0.070700 ms MarkObjects: 7.605700 ms  DeleteObjects: 0.041800 ms)

========================================================================
Received Prepare
Registering precompiled user dll's ...
Registered in 0.143851 seconds.
Begin MonoManager ReloadAssembly
Native extension for WindowsStandalone target not found
Native extension for WebGL target not found
Refreshing native plugins compatible for Editor in 0.45 ms, found 2 plugins.
Preloading 0 native plugins for Editor in 0.00 ms.
Invoked RoslynAnalysisRunner static constructor.
RoslynAnalysisRunner will not be running.
RoslynAnalysisRunner has terminated.
Mono: successfully reloaded assembly
- Completed reload, in  2.252 seconds
Platform modules already initialized, skipping
Refreshing native plugins compatible for Editor in 0.53 ms, found 2 plugins.
Preloading 0 native plugins for Editor in 0.00 ms.
Unloading 1646 Unused Serialized files (Serialized files now loaded: 0)
System memory in use before: 77.8 MB.
System memory in use after: 77.9 MB.

Unloading 18 unused Assets to reduce memory usage. Loaded Objects now: 2120.
Total: 2.945600 ms (FindLiveObjects: 0.251200 ms CreateObjectMapping: 0.109300 ms MarkObjects: 2.560500 ms  DeleteObjects: 0.022700 ms)

========================================================================
Received Prepare
Registering precompiled user dll's ...
Registered in 0.177650 seconds.
Begin MonoManager ReloadAssembly
Native extension for WindowsStandalone target not found
Native extension for WebGL target not found
Refreshing native plugins compatible for Editor in 0.42 ms, found 2 plugins.
Preloading 0 native plugins for Editor in 0.00 ms.
Invoked RoslynAnalysisRunner static constructor.
RoslynAnalysisRunner will not be running.
RoslynAnalysisRunner has terminated.
Mono: successfully reloaded assembly
- Completed reload, in  5.029 seconds
Platform modules already initialized, skipping
Refreshing native plugins compatible for Editor in 0.47 ms, found 2 plugins.
Preloading 0 native plugins for Editor in 0.00 ms.
Unloading 1646 Unused Serialized files (Serialized files now loaded: 0)
System memory in use before: 77.8 MB.
System memory in use after: 77.9 MB.

Unloading 18 unused Assets to reduce memory usage. Loaded Objects now: 2122.
Total: 25.437400 ms (FindLiveObjects: 0.670100 ms CreateObjectMapping: 0.197100 ms MarkObjects: 24.520500 ms  DeleteObjects: 0.047000 ms)

========================================================================
Received Prepare
Registering precompiled user dll's ...
Registered in 0.012722 seconds.
Begin MonoManager ReloadAssembly
Native extension for WindowsStandalone target not found
Native extension for WebGL target not found
Refreshing native plugins compatible for Editor in 0.47 ms, found 2 plugins.
Preloading 0 native plugins for Editor in 0.00 ms.
Invoked RoslynAnalysisRunner static constructor.
RoslynAnalysisRunner will not be running.
RoslynAnalysisRunner has terminated.
Mono: successfully reloaded assembly
- Completed reload, in  1.787 seconds
Platform modules already initialized, skipping
Refreshing native plugins compatible for Editor in 0.52 ms, found 2 plugins.
Preloading 0 native plugins for Editor in 0.00 ms.
Unloading 1646 Unused Serialized files (Serialized files now loaded: 0)
System memory in use before: 77.8 MB.
System memory in use after: 77.9 MB.

Unloading 18 unused Assets to reduce memory usage. Loaded Objects now: 2124.
Total: 3.217500 ms (FindLiveObjects: 0.290100 ms CreateObjectMapping: 0.086700 ms MarkObjects: 2.813200 ms  DeleteObjects: 0.025900 ms)

========================================================================
Received Import Request.
  Time since last request: 2624.871820 seconds.
  path: Assets/Prefabs/Player.prefab
  artifactKey: Guid(9e3e72cd89ef44f97afe08f9baaabc18) Importer(815301076,1909f56bfc062723c751e8b465ee728b)
Start importing Assets/Prefabs/Player.prefab using Guid(9e3e72cd89ef44f97afe08f9baaabc18) Importer(815301076,1909f56bfc062723c751e8b465ee728b)  -> (artifact id: 'fa0d19a5bb91892105c419fb727f5a6e') in 1.152933 seconds
  Import took 1.189128 seconds .

========================================================================
Received Prepare
Registering precompiled user dll's ...
Registered in 0.093637 seconds.
Begin MonoManager ReloadAssembly
Native extension for WindowsStandalone target not found
Native extension for WebGL target not found
Refreshing native plugins compatible for Editor in 0.43 ms, found 2 plugins.
Preloading 0 native plugins for Editor in 0.00 ms.
Invoked RoslynAnalysisRunner static constructor.
RoslynAnalysisRunner will not be running.
RoslynAnalysisRunner has terminated.
Mono: successfully reloaded assembly
- Completed reload, in  2.211 seconds
Platform modules already initialized, skipping
Refreshing native plugins compatible for Editor in 0.40 ms, found 2 plugins.
Preloading 0 native plugins for Editor in 0.00 ms.
Unloading 1646 Unused Serialized files (Serialized files now loaded: 0)
System memory in use before: 77.8 MB.
System memory in use after: 77.9 MB.

Unloading 19 unused Assets to reduce memory usage. Loaded Objects now: 2127.
Total: 2.697000 ms (FindLiveObjects: 0.190400 ms CreateObjectMapping: 0.056900 ms MarkObjects: 2.364600 ms  DeleteObjects: 0.084100 ms)

========================================================================
Received Prepare
Refreshing native plugins compatible for Editor in 5.74 ms, found 2 plugins.
Preloading 0 native plugins for Editor in 0.00 ms.
Unloading 16 Unused Serialized files (Serialized files now loaded: 0)
System memory in use before: 44.5 MB.
System memory in use after: 44.7 MB.

Unloading 16 unused Assets to reduce memory usage. Loaded Objects now: 2127.
Total: 3.027400 ms (FindLiveObjects: 0.311000 ms CreateObjectMapping: 0.082900 ms MarkObjects: 2.588000 ms  DeleteObjects: 0.044400 ms)

========================================================================
Received Import Request.
  Time since last request: 298.804588 seconds.
  path: Assets/Materials/FlareParticleMaterial.mat
  artifactKey: Guid(b75a561f374f89247a62336b50288d40) Importer(815301076,1909f56bfc062723c751e8b465ee728b)
Start importing Assets/Materials/FlareParticleMaterial.mat using Guid(b75a561f374f89247a62336b50288d40) Importer(815301076,1909f56bfc062723c751e8b465ee728b)  -> (artifact id: '34b038b00e8c643a802aa80a27f811c8') in 1.070951 seconds
  Import took 1.094207 seconds .

========================================================================
Received Prepare
Registering precompiled user dll's ...
Registered in 0.452723 seconds.
Begin MonoManager ReloadAssembly
Native extension for WindowsStandalone target not found
Native extension for WebGL target not found
Refreshing native plugins compatible for Editor in 1.02 ms, found 2 plugins.
Preloading 0 native plugins for Editor in 0.00 ms.
Invoked RoslynAnalysisRunner static constructor.
RoslynAnalysisRunner will not be running.
RoslynAnalysisRunner has terminated.
Mono: successfully reloaded assembly
- Completed reload, in  9.124 seconds
Platform modules already initialized, skipping
Refreshing native plugins compatible for Editor in 0.42 ms, found 2 plugins.
Preloading 0 native plugins for Editor in 0.00 ms.
Unloading 1646 Unused Serialized files (Serialized files now loaded: 0)
System memory in use before: 78.0 MB.
System memory in use after: 78.1 MB.

Unloading 19 unused Assets to reduce memory usage. Loaded Objects now: 2163.
Total: 3.228800 ms (FindLiveObjects: 0.498200 ms CreateObjectMapping: 0.144200 ms MarkObjects: 2.494300 ms  DeleteObjects: 0.089100 ms)

========================================================================
Received Prepare
Registering precompiled user dll's ...
Registered in 0.017974 seconds.
Begin MonoManager ReloadAssembly
Native extension for WindowsStandalone target not found
Native extension for WebGL target not found
Refreshing native plugins compatible for Editor in 0.39 ms, found 2 plugins.
Preloading 0 native plugins for Editor in 0.00 ms.
Invoked RoslynAnalysisRunner static constructor.
RoslynAnalysisRunner will not be running.
RoslynAnalysisRunner has terminated.
Mono: successfully reloaded assembly
- Completed reload, in  1.393 seconds
Platform modules already initialized, skipping
Refreshing native plugins compatible for Editor in 0.38 ms, found 2 plugins.
Preloading 0 native plugins for Editor in 0.00 ms.
Unloading 1646 Unused Serialized files (Serialized files now loaded: 0)
System memory in use before: 78.0 MB.
System memory in use after: 78.1 MB.

Unloading 18 unused Assets to reduce memory usage. Loaded Objects now: 2165.
Total: 2.509000 ms (FindLiveObjects: 0.170600 ms CreateObjectMapping: 0.059200 ms MarkObjects: 2.234700 ms  DeleteObjects: 0.043600 ms)

========================================================================
Received Prepare
Registering precompiled user dll's ...
Registered in 0.010544 seconds.
Begin MonoManager ReloadAssembly
Native extension for WindowsStandalone target not found
Native extension for WebGL target not found
Refreshing native plugins compatible for Editor in 0.48 ms, found 2 plugins.
Preloading 0 native plugins for Editor in 0.00 ms.
Invoked RoslynAnalysisRunner static constructor.
RoslynAnalysisRunner will not be running.
RoslynAnalysisRunner has terminated.
Mono: successfully reloaded assembly
- Completed reload, in  1.901 seconds
Platform modules already initialized, skipping
Refreshing native plugins compatible for Editor in 0.38 ms, found 2 plugins.
Preloading 0 native plugins for Editor in 0.00 ms.
Unloading 1646 Unused Serialized files (Serialized files now loaded: 0)
System memory in use before: 78.0 MB.
System memory in use after: 78.1 MB.

Unloading 18 unused Assets to reduce memory usage. Loaded Objects now: 2167.
Total: 2.825200 ms (FindLiveObjects: 0.293900 ms CreateObjectMapping: 0.073000 ms MarkObjects: 2.420900 ms  DeleteObjects: 0.036300 ms)

========================================================================
Received Prepare
Registering precompiled user dll's ...
Registered in 0.013819 seconds.
Begin MonoManager ReloadAssembly
Native extension for WindowsStandalone target not found
Native extension for WebGL target not found
Refreshing native plugins compatible for Editor in 0.42 ms, found 2 plugins.
Preloading 0 native plugins for Editor in 0.00 ms.
Invoked RoslynAnalysisRunner static constructor.
RoslynAnalysisRunner will not be running.
RoslynAnalysisRunner has terminated.
Mono: successfully reloaded assembly
- Completed reload, in  1.438 seconds
Platform modules already initialized, skipping
Refreshing native plugins compatible for Editor in 0.38 ms, found 2 plugins.
Preloading 0 native plugins for Editor in 0.00 ms.
Unloading 1646 Unused Serialized files (Serialized files now loaded: 0)
System memory in use before: 78.0 MB.
System memory in use after: 78.1 MB.

Unloading 18 unused Assets to reduce memory usage. Loaded Objects now: 2169.
Total: 2.736200 ms (FindLiveObjects: 0.192800 ms CreateObjectMapping: 0.061400 ms MarkObjects: 2.444300 ms  DeleteObjects: 0.021500 ms)

========================================================================
Received Prepare
Registering precompiled user dll's ...
Registered in 0.063256 seconds.
Begin MonoManager ReloadAssembly
Native extension for WindowsStandalone target not found
Native extension for WebGL target not found
Refreshing native plugins compatible for Editor in 0.43 ms, found 2 plugins.
Preloading 0 native plugins for Editor in 0.00 ms.
Invoked RoslynAnalysisRunner static constructor.
RoslynAnalysisRunner will not be running.
RoslynAnalysisRunner has terminated.
Mono: successfully reloaded assembly
- Completed reload, in  2.214 seconds
Platform modules already initialized, skipping
Refreshing native plugins compatible for Editor in 0.42 ms, found 2 plugins.
Preloading 0 native plugins for Editor in 0.00 ms.
Unloading 1646 Unused Serialized files (Serialized files now loaded: 0)
System memory in use before: 78.0 MB.
System memory in use after: 78.2 MB.

Unloading 18 unused Assets to reduce memory usage. Loaded Objects now: 2171.
Total: 2.614200 ms (FindLiveObjects: 0.195900 ms CreateObjectMapping: 0.062000 ms MarkObjects: 2.315100 ms  DeleteObjects: 0.040000 ms)

========================================================================
Received Import Request.
  Time since last request: 859.030448 seconds.
  path: Assets/Prefabs/HUDCanvas.prefab
  artifactKey: Guid(7aa9c633e224c374bba55c7086abaa80) Importer(815301076,1909f56bfc062723c751e8b465ee728b)
Start importing Assets/Prefabs/HUDCanvas.prefab using Guid(7aa9c633e224c374bba55c7086abaa80) Importer(815301076,1909f56bfc062723c751e8b465ee728b)  -> (artifact id: '8382427dc2665d8d18d279a72007205d') in 0.229638 seconds
  Import took 0.260903 seconds .

========================================================================
Received Prepare
Registering precompiled user dll's ...
Registered in 0.008948 seconds.
Begin MonoManager ReloadAssembly
Native extension for WindowsStandalone target not found
Native extension for WebGL target not found
Refreshing native plugins compatible for Editor in 0.45 ms, found 2 plugins.
Preloading 0 native plugins for Editor in 0.00 ms.
Invoked RoslynAnalysisRunner static constructor.
RoslynAnalysisRunner will not be running.
RoslynAnalysisRunner has terminated.
Mono: successfully reloaded assembly
- Completed reload, in  1.385 seconds
Platform modules already initialized, skipping
Refreshing native plugins compatible for Editor in 0.39 ms, found 2 plugins.
Preloading 0 native plugins for Editor in 0.00 ms.
Unloading 1646 Unused Serialized files (Serialized files now loaded: 0)
System memory in use before: 78.1 MB.
System memory in use after: 78.2 MB.

Unloading 20 unused Assets to reduce memory usage. Loaded Objects now: 2173.
Total: 2.871000 ms (FindLiveObjects: 0.204400 ms CreateObjectMapping: 0.059500 ms MarkObjects: 2.531300 ms  DeleteObjects: 0.074800 ms)

========================================================================
Received Prepare
Registering precompiled user dll's ...
Registered in 0.009131 seconds.
Begin MonoManager ReloadAssembly
Native extension for WindowsStandalone target not found
Native extension for WebGL target not found
Refreshing native plugins compatible for Editor in 0.42 ms, found 2 plugins.
Preloading 0 native plugins for Editor in 0.00 ms.
Invoked RoslynAnalysisRunner static constructor.
RoslynAnalysisRunner will not be running.
RoslynAnalysisRunner has terminated.
Mono: successfully reloaded assembly
- Completed reload, in  1.732 seconds
Platform modules already initialized, skipping
Refreshing native plugins compatible for Editor in 0.41 ms, found 2 plugins.
Preloading 0 native plugins for Editor in 0.00 ms.
Unloading 1646 Unused Serialized files (Serialized files now loaded: 0)
System memory in use before: 78.1 MB.
System memory in use after: 78.2 MB.

Unloading 18 unused Assets to reduce memory usage. Loaded Objects now: 2175.
Total: 3.351000 ms (FindLiveObjects: 0.180800 ms CreateObjectMapping: 0.083000 ms MarkObjects: 3.039600 ms  DeleteObjects: 0.045800 ms)

========================================================================
Received Prepare
Registering precompiled user dll's ...
Registered in 0.009351 seconds.
Begin MonoManager ReloadAssembly
Native extension for WindowsStandalone target not found
Native extension for WebGL target not found
Refreshing native plugins compatible for Editor in 0.70 ms, found 2 plugins.
Preloading 0 native plugins for Editor in 0.00 ms.
Invoked RoslynAnalysisRunner static constructor.
RoslynAnalysisRunner will not be running.
RoslynAnalysisRunner has terminated.
Mono: successfully reloaded assembly
- Completed reload, in  1.732 seconds
Platform modules already initialized, skipping
Refreshing native plugins compatible for Editor in 0.52 ms, found 2 plugins.
Preloading 0 native plugins for Editor in 0.00 ms.
Unloading 1646 Unused Serialized files (Serialized files now loaded: 0)
System memory in use before: 78.1 MB.
System memory in use after: 78.2 MB.

Unloading 18 unused Assets to reduce memory usage. Loaded Objects now: 2177.
Total: 2.855700 ms (FindLiveObjects: 0.203400 ms CreateObjectMapping: 0.071600 ms MarkObjects: 2.541900 ms  DeleteObjects: 0.037400 ms)

========================================================================
Received Prepare
Registering precompiled user dll's ...
Registered in 0.008942 seconds.
Begin MonoManager ReloadAssembly
Native extension for WindowsStandalone target not found
Native extension for WebGL target not found
Refreshing native plugins compatible for Editor in 0.41 ms, found 2 plugins.
Preloading 0 native plugins for Editor in 0.00 ms.
Invoked RoslynAnalysisRunner static constructor.
RoslynAnalysisRunner will not be running.
RoslynAnalysisRunner has terminated.
Mono: successfully reloaded assembly
- Completed reload, in  1.590 seconds
Platform modules already initialized, skipping
Refreshing native plugins compatible for Editor in 0.55 ms, found 2 plugins.
Preloading 0 native plugins for Editor in 0.00 ms.
Unloading 1646 Unused Serialized files (Serialized files now loaded: 0)
System memory in use before: 78.1 MB.
System memory in use after: 78.2 MB.

Unloading 18 unused Assets to reduce memory usage. Loaded Objects now: 2179.
Total: 2.533800 ms (FindLiveObjects: 0.177500 ms CreateObjectMapping: 0.059800 ms MarkObjects: 2.248200 ms  DeleteObjects: 0.047300 ms)

========================================================================
Received Prepare
Registering precompiled user dll's ...
Registered in 0.010796 seconds.
Begin MonoManager ReloadAssembly
Native extension for WindowsStandalone target not found
Native extension for WebGL target not found
Refreshing native plugins compatible for Editor in 0.43 ms, found 2 plugins.
Preloading 0 native plugins for Editor in 0.00 ms.
Invoked RoslynAnalysisRunner static constructor.
RoslynAnalysisRunner will not be running.
RoslynAnalysisRunner has terminated.
Mono: successfully reloaded assembly
- Completed reload, in  1.805 seconds
Platform modules already initialized, skipping
Refreshing native plugins compatible for Editor in 0.39 ms, found 2 plugins.
Preloading 0 native plugins for Editor in 0.00 ms.
Unloading 1646 Unused Serialized files (Serialized files now loaded: 0)
System memory in use before: 78.1 MB.
System memory in use after: 78.2 MB.

Unloading 18 unused Assets to reduce memory usage. Loaded Objects now: 2181.
Total: 2.503500 ms (FindLiveObjects: 0.203500 ms CreateObjectMapping: 0.068500 ms MarkObjects: 2.192800 ms  DeleteObjects: 0.037700 ms)

========================================================================
Received Import Request.
  Time since last request: 2026.299251 seconds.
  path: Assets/Prefabs/Player.prefab
  artifactKey: Guid(9e3e72cd89ef44f97afe08f9baaabc18) Importer(815301076,1909f56bfc062723c751e8b465ee728b)
Start importing Assets/Prefabs/Player.prefab using Guid(9e3e72cd89ef44f97afe08f9baaabc18) Importer(815301076,1909f56bfc062723c751e8b465ee728b)  -> (artifact id: 'f2c94c6bac76de42a0831bb11df99f16') in 6.128439 seconds
  Import took 6.166310 seconds .

========================================================================
Received Import Request.
  Time since last request: 1527.325147 seconds.
  path: ProjectSettings/TagManager.asset
  artifactKey: Guid(00000000000000003000000000000000) Importer(815301076,1909f56bfc062723c751e8b465ee728b)
Start importing ProjectSettings/TagManager.asset using Guid(00000000000000003000000000000000) Importer(815301076,1909f56bfc062723c751e8b465ee728b)  -> (artifact id: '9bd9b7d74aad98bf29fa372d51a10b34') in 0.035415 seconds
  Import took 0.039731 seconds .

========================================================================
Received Import Request.
  Time since last request: 35.546059 seconds.
  path: Assets/Prefabs/Player.prefab
  artifactKey: Guid(9e3e72cd89ef44f97afe08f9baaabc18) Importer(815301076,1909f56bfc062723c751e8b465ee728b)
Start importing Assets/Prefabs/Player.prefab using Guid(9e3e72cd89ef44f97afe08f9baaabc18) Importer(815301076,1909f56bfc062723c751e8b465ee728b)  -> (artifact id: '3eaff8313b78aa9ddabe935b49e2e70b') in 0.143133 seconds
  Import took 0.164979 seconds .

========================================================================
Received Import Request.
  Time since last request: 7.996248 seconds.
  path: Assets/Prefabs/Player.prefab
  artifactKey: Guid(9e3e72cd89ef44f97afe08f9baaabc18) Importer(815301076,1909f56bfc062723c751e8b465ee728b)
Start importing Assets/Prefabs/Player.prefab using Guid(9e3e72cd89ef44f97afe08f9baaabc18) Importer(815301076,1909f56bfc062723c751e8b465ee728b)  -> (artifact id: 'ec4926a608329cb70c46ac18884d7241') in 0.044004 seconds
  Import took 0.064369 seconds .

========================================================================
Received Prepare
Registering precompiled user dll's ...
Registered in 0.010129 seconds.
Begin MonoManager ReloadAssembly
Native extension for WindowsStandalone target not found
Native extension for WebGL target not found
Refreshing native plugins compatible for Editor in 0.46 ms, found 2 plugins.
Preloading 0 native plugins for Editor in 0.00 ms.
Invoked RoslynAnalysisRunner static constructor.
RoslynAnalysisRunner will not be running.
RoslynAnalysisRunner has terminated.
Mono: successfully reloaded assembly
- Completed reload, in  1.716 seconds
Platform modules already initialized, skipping
Refreshing native plugins compatible for Editor in 0.45 ms, found 2 plugins.
Preloading 0 native plugins for Editor in 0.00 ms.
Unloading 1646 Unused Serialized files (Serialized files now loaded: 0)
System memory in use before: 78.1 MB.
System memory in use after: 78.2 MB.

Unloading 20 unused Assets to reduce memory usage. Loaded Objects now: 2184.
Total: 4.263800 ms (FindLiveObjects: 0.263600 ms CreateObjectMapping: 0.090300 ms MarkObjects: 3.727100 ms  DeleteObjects: 0.181100 ms)

========================================================================
Received Import Request.
  Time since last request: 914.784160 seconds.
  path: Assets/Prefabs/Player.prefab
  artifactKey: Guid(9e3e72cd89ef44f97afe08f9baaabc18) Importer(815301076,1909f56bfc062723c751e8b465ee728b)
Start importing Assets/Prefabs/Player.prefab using Guid(9e3e72cd89ef44f97afe08f9baaabc18) Importer(815301076,1909f56bfc062723c751e8b465ee728b)  -> (artifact id: '0c3743b596e3b55c1e2ab443323372bd') in 0.493664 seconds
  Import took 0.522929 seconds .

========================================================================
Received Import Request.
  Time since last request: 2.159341 seconds.
  path: Assets/Prefabs/Player.prefab
  artifactKey: Guid(9e3e72cd89ef44f97afe08f9baaabc18) Importer(815301076,1909f56bfc062723c751e8b465ee728b)
Start importing Assets/Prefabs/Player.prefab using Guid(9e3e72cd89ef44f97afe08f9baaabc18) Importer(815301076,1909f56bfc062723c751e8b465ee728b)  -> (artifact id: '0c3743b596e3b55c1e2ab443323372bd') in 0.035563 seconds
  Import took 0.039823 seconds .

========================================================================
Received Prepare
Registering precompiled user dll's ...
Registered in 0.009098 seconds.
Begin MonoManager ReloadAssembly
Native extension for WindowsStandalone target not found
Native extension for WebGL target not found
Refreshing native plugins compatible for Editor in 0.44 ms, found 2 plugins.
Preloading 0 native plugins for Editor in 0.00 ms.
Invoked RoslynAnalysisRunner static constructor.
RoslynAnalysisRunner will not be running.
RoslynAnalysisRunner has terminated.
Mono: successfully reloaded assembly
- Completed reload, in  1.812 seconds
Platform modules already initialized, skipping
Refreshing native plugins compatible for Editor in 0.50 ms, found 2 plugins.
Preloading 0 native plugins for Editor in 0.00 ms.
Unloading 1646 Unused Serialized files (Serialized files now loaded: 0)
System memory in use before: 78.1 MB.
System memory in use after: 78.2 MB.

Unloading 19 unused Assets to reduce memory usage. Loaded Objects now: 2187.
Total: 2.648700 ms (FindLiveObjects: 0.224200 ms CreateObjectMapping: 0.063900 ms MarkObjects: 2.278100 ms  DeleteObjects: 0.081400 ms)

========================================================================
Received Import Request.
  Time since last request: 897.581849 seconds.
  path: Assets/Scripts/Managers
  artifactKey: Guid(5f0c3aa6ccd64c0419d38bf2d88ee39e) Importer(815301076,1909f56bfc062723c751e8b465ee728b)
Start importing Assets/Scripts/Managers using Guid(5f0c3aa6ccd64c0419d38bf2d88ee39e) Importer(815301076,1909f56bfc062723c751e8b465ee728b)  -> (artifact id: '5182c247a1643c798cb352872c519f7d') in 0.043785 seconds
  Import took 0.060251 seconds .

========================================================================
Received Import Request.
  Time since last request: 1.893371 seconds.
  path: Assets/Scripts/Managers/EnemyManager.cs
  artifactKey: Guid(76a99222b1e4a384e923ac7e86efc709) Importer(815301076,1909f56bfc062723c751e8b465ee728b)
Start importing Assets/Scripts/Managers/EnemyManager.cs using Guid(76a99222b1e4a384e923ac7e86efc709) Importer(815301076,1909f56bfc062723c751e8b465ee728b)  -> (artifact id: '7c8984aca021651266465aa9ddb33b9a') in 0.004961 seconds
  Import took 0.027236 seconds .

========================================================================
Received Import Request.
  Time since last request: 0.048038 seconds.
  path: Assets/Scripts/Managers/EnemyManager.cs
  artifactKey: Guid(76a99222b1e4a384e923ac7e86efc709) Importer(815301076,1909f56bfc062723c751e8b465ee728b)
Start importing Assets/Scripts/Managers/EnemyManager.cs using Guid(76a99222b1e4a384e923ac7e86efc709) Importer(815301076,1909f56bfc062723c751e8b465ee728b)  -> (artifact id: '7c8984aca021651266465aa9ddb33b9a') in 0.007099 seconds
  Import took 0.012158 seconds .

========================================================================
Received Import Request.
  Time since last request: 47.469464 seconds.
  path: Assets/Scripts/Managers/GameOverManager.cs
  artifactKey: Guid(d9c9e0011c2ed97428a4efc03b455359) Importer(815301076,1909f56bfc062723c751e8b465ee728b)
Start importing Assets/Scripts/Managers/GameOverManager.cs using Guid(d9c9e0011c2ed97428a4efc03b455359) Importer(815301076,1909f56bfc062723c751e8b465ee728b)  -> (artifact id: '128ba61417af9b8b5f6ec1eb741d065b') in 0.006170 seconds
  Import took 0.027935 seconds .

========================================================================
Received Prepare
Registering precompiled user dll's ...
Registered in 0.011736 seconds.
Begin MonoManager ReloadAssembly
Native extension for WindowsStandalone target not found
Native extension for WebGL target not found
Refreshing native plugins compatible for Editor in 0.40 ms, found 2 plugins.
Preloading 0 native plugins for Editor in 0.00 ms.
Invoked RoslynAnalysisRunner static constructor.
RoslynAnalysisRunner will not be running.
RoslynAnalysisRunner has terminated.
Mono: successfully reloaded assembly
- Completed reload, in  2.096 seconds
Platform modules already initialized, skipping
Refreshing native plugins compatible for Editor in 0.38 ms, found 2 plugins.
Preloading 0 native plugins for Editor in 0.00 ms.
Unloading 1646 Unused Serialized files (Serialized files now loaded: 0)
System memory in use before: 78.1 MB.
System memory in use after: 78.2 MB.

Unloading 18 unused Assets to reduce memory usage. Loaded Objects now: 2189.
Total: 3.114200 ms (FindLiveObjects: 0.275600 ms CreateObjectMapping: 0.084200 ms MarkObjects: 2.690700 ms  DeleteObjects: 0.062400 ms)

========================================================================
Received Import Request.
  Time since last request: 1629.129857 seconds.
  path: Assets/Scripts/Managers/EnemyManager.cs
  artifactKey: Guid(76a99222b1e4a384e923ac7e86efc709) Importer(815301076,1909f56bfc062723c751e8b465ee728b)
Start importing Assets/Scripts/Managers/EnemyManager.cs using Guid(76a99222b1e4a384e923ac7e86efc709) Importer(815301076,1909f56bfc062723c751e8b465ee728b)  -> (artifact id: 'b8a8f6a1b6dc3011e9a9f3c0bbcaaea3') in 0.038760 seconds
  Import took 0.057444 seconds .

========================================================================
Received Prepare
Registering precompiled user dll's ...
Registered in 0.011719 seconds.
Begin MonoManager ReloadAssembly
Native extension for WindowsStandalone target not found
Native extension for WebGL target not found
Refreshing native plugins compatible for Editor in 0.43 ms, found 2 plugins.
Preloading 0 native plugins for Editor in 0.00 ms.
Invoked RoslynAnalysisRunner static constructor.
RoslynAnalysisRunner will not be running.
RoslynAnalysisRunner has terminated.
Mono: successfully reloaded assembly
- Completed reload, in  1.700 seconds
Platform modules already initialized, skipping
Refreshing native plugins compatible for Editor in 0.43 ms, found 2 plugins.
Preloading 0 native plugins for Editor in 0.00 ms.
Unloading 1646 Unused Serialized files (Serialized files now loaded: 0)
System memory in use before: 78.2 MB.
System memory in use after: 78.3 MB.

Unloading 18 unused Assets to reduce memory usage. Loaded Objects now: 2191.
Total: 3.163800 ms (FindLiveObjects: 0.228100 ms CreateObjectMapping: 0.066900 ms MarkObjects: 2.841800 ms  DeleteObjects: 0.025700 ms)

========================================================================
Received Import Request.
  Time since last request: 1256.128251 seconds.
  path: Assets/Scripts/Managers/GameOverManager.cs
  artifactKey: Guid(d9c9e0011c2ed97428a4efc03b455359) Importer(815301076,1909f56bfc062723c751e8b465ee728b)
Start importing Assets/Scripts/Managers/GameOverManager.cs using Guid(d9c9e0011c2ed97428a4efc03b455359) Importer(815301076,1909f56bfc062723c751e8b465ee728b)  -> (artifact id: 'bd34a0cf4899c37e55116a22f58aa0d8') in 0.016438 seconds
  Import took 0.021255 seconds .

========================================================================
Received Import Request.
  Time since last request: 0.007189 seconds.
  path: Assets/Scripts/Managers/GameOverManager.cs
  artifactKey: Guid(d9c9e0011c2ed97428a4efc03b455359) Importer(815301076,1909f56bfc062723c751e8b465ee728b)
Start importing Assets/Scripts/Managers/GameOverManager.cs using Guid(d9c9e0011c2ed97428a4efc03b455359) Importer(815301076,1909f56bfc062723c751e8b465ee728b)  -> (artifact id: 'bd34a0cf4899c37e55116a22f58aa0d8') in 0.005676 seconds
  Import took 0.009686 seconds .

========================================================================
Received Prepare
Registering precompiled user dll's ...
Registered in 0.010510 seconds.
Begin MonoManager ReloadAssembly
Native extension for WindowsStandalone target not found
Native extension for WebGL target not found
Refreshing native plugins compatible for Editor in 0.81 ms, found 2 plugins.
Preloading 0 native plugins for Editor in 0.00 ms.
Invoked RoslynAnalysisRunner static constructor.
RoslynAnalysisRunner will not be running.
RoslynAnalysisRunner has terminated.
Mono: successfully reloaded assembly
- Completed reload, in  1.405 seconds
Platform modules already initialized, skipping
Refreshing native plugins compatible for Editor in 0.45 ms, found 2 plugins.
Preloading 0 native plugins for Editor in 0.00 ms.
Unloading 1646 Unused Serialized files (Serialized files now loaded: 0)
System memory in use before: 78.2 MB.
System memory in use after: 78.3 MB.

Unloading 18 unused Assets to reduce memory usage. Loaded Objects now: 2193.
Total: 2.708800 ms (FindLiveObjects: 0.221600 ms CreateObjectMapping: 0.057800 ms MarkObjects: 2.371300 ms  DeleteObjects: 0.043200 ms)

========================================================================
Received Prepare
Registering precompiled user dll's ...
Registered in 0.009799 seconds.
Begin MonoManager ReloadAssembly
Native extension for WindowsStandalone target not found
Native extension for WebGL target not found
Refreshing native plugins compatible for Editor in 0.44 ms, found 2 plugins.
Preloading 0 native plugins for Editor in 0.00 ms.
Invoked RoslynAnalysisRunner static constructor.
RoslynAnalysisRunner will not be running.
RoslynAnalysisRunner has terminated.
Mono: successfully reloaded assembly
- Completed reload, in  2.127 seconds
Platform modules already initialized, skipping
Refreshing native plugins compatible for Editor in 0.40 ms, found 2 plugins.
Preloading 0 native plugins for Editor in 0.00 ms.
Unloading 1646 Unused Serialized files (Serialized files now loaded: 0)
System memory in use before: 78.2 MB.
System memory in use after: 78.3 MB.

Unloading 18 unused Assets to reduce memory usage. Loaded Objects now: 2195.
Total: 2.783900 ms (FindLiveObjects: 0.243600 ms CreateObjectMapping: 0.062500 ms MarkObjects: 2.358800 ms  DeleteObjects: 0.117700 ms)

AssetImportWorkerClient::OnTransportError - code=2 error=End of file
